[cpp] cc -E /tmp/cg98XbWP/dummy.c
[ccld] cc -qversion
[ccld] cc conftest.c
[ccld] cc -o conftest conftest.c
[ccld] cc -o conftest conftest.c
[cc] cc -c conftest.c
[cc] cc -c conftest.c
[cc] cc -c -g conftest.c
[cc] cc -c -g -O2 conftest.c
[cc] cc -c conftest.c -o conftest2.o
[cc] cc -c conftest.c -o conftest2.o
[cpp] cc -E conftest.c
[cpp] cc -E conftest.c
[cpp] cc -E conftest.c
[cpp] cc -E conftest.c
[cc] cc -c -g -O2 conftest.c
[cpp] cc -E conftest.c
[cpp] cc -E conftest.c
[ccld] cc -o conftest -g -O2 conftest.c
[cc] cc -c -g -O2 conftest.c
[cc] cc -c -g -O2 conftest.c
[cc] cc -c -g -O2 conftest.c
[cc] cc -c -g -O2 conftest.c
[cc] cc -c -g -O2 conftest.c
[cc] cc -c -g -O2 conftest.c
[cc] cc -c -g -O2 conftest.c
[cc] cc -c -g -O2 conftest.c
[cc] cc -c -g -O2 conftest.c
[cc] cc -c -g -O2 conftest.c
[cpp] cc -E conftest.c
[cc] cc -c -g -O2 conftest.c
[cc] cc -MT sub/conftest.o -MD -MP -MF sub/conftest.TPo -c -o sub/conftest.o sub/conftest.c
[ccld] cc -o conftest -DNDEBUG conftest.c
[cc] cc -c -DNDEBUG -I/pfs/scratch4/yellow/.mdt2/dantopa/flag/flag-arm-capulin.spack/opt/spack/cray-cnl7-arm_thunderx2/cce-9.0.1/zlib-1.2.11-krc7ibsc2n43zz6xqewf4nl46yzdonia/include conftest.c
[cpp] cc -E -I/pfs/scratch4/yellow/.mdt2/dantopa/flag/flag-arm-capulin.spack/opt/spack/cray-cnl7-arm_thunderx2/cce-9.0.1/zlib-1.2.11-krc7ibsc2n43zz6xqewf4nl46yzdonia/include conftest.c
[ccld] cc -o conftest -DNDEBUG -I/pfs/scratch4/yellow/.mdt2/dantopa/flag/flag-arm-capulin.spack/opt/spack/cray-cnl7-arm_thunderx2/cce-9.0.1/zlib-1.2.11-krc7ibsc2n43zz6xqewf4nl46yzdonia/include -L/pfs/scratch4/yellow/.mdt2/dantopa/flag/flag-arm-capulin.spack/opt/spack/cray-cnl7-arm_thunderx2/cce-9.0.1/zlib-1.2.11-krc7ibsc2n43zz6xqewf4nl46yzdonia/lib conftest.c
[ccld] cc -o conftest -DNDEBUG -I/pfs/scratch4/yellow/.mdt2/dantopa/flag/flag-arm-capulin.spack/opt/spack/cray-cnl7-arm_thunderx2/cce-9.0.1/zlib-1.2.11-krc7ibsc2n43zz6xqewf4nl46yzdonia/include -L/pfs/scratch4/yellow/.mdt2/dantopa/flag/flag-arm-capulin.spack/opt/spack/cray-cnl7-arm_thunderx2/cce-9.0.1/zlib-1.2.11-krc7ibsc2n43zz6xqewf4nl46yzdonia/lib conftest.c -lz -lz
[ccld] cc -o conftest -DNDEBUG -I/pfs/scratch4/yellow/.mdt2/dantopa/flag/flag-arm-capulin.spack/opt/spack/cray-cnl7-arm_thunderx2/cce-9.0.1/zlib-1.2.11-krc7ibsc2n43zz6xqewf4nl46yzdonia/include conftest_c.c -L/pfs/scratch4/yellow/.mdt2/dantopa/flag/flag-arm-capulin.spack/opt/spack/cray-cnl7-arm_thunderx2/cce-9.0.1/zlib-1.2.11-krc7ibsc2n43zz6xqewf4nl46yzdonia/lib -lz -lz
[cc] cc -c -DNDEBUG -I/pfs/scratch4/yellow/.mdt2/dantopa/flag/flag-arm-capulin.spack/opt/spack/cray-cnl7-arm_thunderx2/cce-9.0.1/zlib-1.2.11-krc7ibsc2n43zz6xqewf4nl46yzdonia/include conftest.c
[cc] cc -c -DNDEBUG -I/pfs/scratch4/yellow/.mdt2/dantopa/flag/flag-arm-capulin.spack/opt/spack/cray-cnl7-arm_thunderx2/cce-9.0.1/zlib-1.2.11-krc7ibsc2n43zz6xqewf4nl46yzdonia/include conftest.c
[cc] cc -c -DNDEBUG -I/pfs/scratch4/yellow/.mdt2/dantopa/flag/flag-arm-capulin.spack/opt/spack/cray-cnl7-arm_thunderx2/cce-9.0.1/zlib-1.2.11-krc7ibsc2n43zz6xqewf4nl46yzdonia/include conftest.c
[cc] cc -c -DNDEBUG -I/pfs/scratch4/yellow/.mdt2/dantopa/flag/flag-arm-capulin.spack/opt/spack/cray-cnl7-arm_thunderx2/cce-9.0.1/zlib-1.2.11-krc7ibsc2n43zz6xqewf4nl46yzdonia/include conftest.c
[cc] cc -c -DNDEBUG -I/pfs/scratch4/yellow/.mdt2/dantopa/flag/flag-arm-capulin.spack/opt/spack/cray-cnl7-arm_thunderx2/cce-9.0.1/zlib-1.2.11-krc7ibsc2n43zz6xqewf4nl46yzdonia/include conftest.c
[cc] cc -c -DNDEBUG -I/pfs/scratch4/yellow/.mdt2/dantopa/flag/flag-arm-capulin.spack/opt/spack/cray-cnl7-arm_thunderx2/cce-9.0.1/zlib-1.2.11-krc7ibsc2n43zz6xqewf4nl46yzdonia/include conftest.c
[cc] cc -c -DNDEBUG -I/pfs/scratch4/yellow/.mdt2/dantopa/flag/flag-arm-capulin.spack/opt/spack/cray-cnl7-arm_thunderx2/cce-9.0.1/zlib-1.2.11-krc7ibsc2n43zz6xqewf4nl46yzdonia/include conftest.c
[cc] cc -c -DNDEBUG -I/pfs/scratch4/yellow/.mdt2/dantopa/flag/flag-arm-capulin.spack/opt/spack/cray-cnl7-arm_thunderx2/cce-9.0.1/zlib-1.2.11-krc7ibsc2n43zz6xqewf4nl46yzdonia/include conftest.c
[cc] cc -c -DNDEBUG -I/pfs/scratch4/yellow/.mdt2/dantopa/flag/flag-arm-capulin.spack/opt/spack/cray-cnl7-arm_thunderx2/cce-9.0.1/zlib-1.2.11-krc7ibsc2n43zz6xqewf4nl46yzdonia/include conftest.c
[cc] cc -c -DNDEBUG -I/pfs/scratch4/yellow/.mdt2/dantopa/flag/flag-arm-capulin.spack/opt/spack/cray-cnl7-arm_thunderx2/cce-9.0.1/zlib-1.2.11-krc7ibsc2n43zz6xqewf4nl46yzdonia/include conftest.c
[cc] cc -c -DNDEBUG -I/pfs/scratch4/yellow/.mdt2/dantopa/flag/flag-arm-capulin.spack/opt/spack/cray-cnl7-arm_thunderx2/cce-9.0.1/zlib-1.2.11-krc7ibsc2n43zz6xqewf4nl46yzdonia/include conftest.c
[cpp] cc -E -I/pfs/scratch4/yellow/.mdt2/dantopa/flag/flag-arm-capulin.spack/opt/spack/cray-cnl7-arm_thunderx2/cce-9.0.1/zlib-1.2.11-krc7ibsc2n43zz6xqewf4nl46yzdonia/include conftest.c
[cc] cc -c -DNDEBUG -I/pfs/scratch4/yellow/.mdt2/dantopa/flag/flag-arm-capulin.spack/opt/spack/cray-cnl7-arm_thunderx2/cce-9.0.1/zlib-1.2.11-krc7ibsc2n43zz6xqewf4nl46yzdonia/include conftest.c
[cpp] cc -E -I/pfs/scratch4/yellow/.mdt2/dantopa/flag/flag-arm-capulin.spack/opt/spack/cray-cnl7-arm_thunderx2/cce-9.0.1/zlib-1.2.11-krc7ibsc2n43zz6xqewf4nl46yzdonia/include conftest.c
[cc] cc -c -DNDEBUG -I/pfs/scratch4/yellow/.mdt2/dantopa/flag/flag-arm-capulin.spack/opt/spack/cray-cnl7-arm_thunderx2/cce-9.0.1/zlib-1.2.11-krc7ibsc2n43zz6xqewf4nl46yzdonia/include conftest.c
[cpp] cc -E -I/pfs/scratch4/yellow/.mdt2/dantopa/flag/flag-arm-capulin.spack/opt/spack/cray-cnl7-arm_thunderx2/cce-9.0.1/zlib-1.2.11-krc7ibsc2n43zz6xqewf4nl46yzdonia/include conftest.c
[cc] cc -c -DNDEBUG -I/pfs/scratch4/yellow/.mdt2/dantopa/flag/flag-arm-capulin.spack/opt/spack/cray-cnl7-arm_thunderx2/cce-9.0.1/zlib-1.2.11-krc7ibsc2n43zz6xqewf4nl46yzdonia/include conftest.c
[cc] cc -c -DNDEBUG -I/pfs/scratch4/yellow/.mdt2/dantopa/flag/flag-arm-capulin.spack/opt/spack/cray-cnl7-arm_thunderx2/cce-9.0.1/zlib-1.2.11-krc7ibsc2n43zz6xqewf4nl46yzdonia/include conftest.c
[cc] cc -c -DNDEBUG -I/pfs/scratch4/yellow/.mdt2/dantopa/flag/flag-arm-capulin.spack/opt/spack/cray-cnl7-arm_thunderx2/cce-9.0.1/zlib-1.2.11-krc7ibsc2n43zz6xqewf4nl46yzdonia/include conftest.c
[cc] cc -c -DNDEBUG -I/pfs/scratch4/yellow/.mdt2/dantopa/flag/flag-arm-capulin.spack/opt/spack/cray-cnl7-arm_thunderx2/cce-9.0.1/zlib-1.2.11-krc7ibsc2n43zz6xqewf4nl46yzdonia/include conftest.c
[cc] cc -c -DNDEBUG -I/pfs/scratch4/yellow/.mdt2/dantopa/flag/flag-arm-capulin.spack/opt/spack/cray-cnl7-arm_thunderx2/cce-9.0.1/zlib-1.2.11-krc7ibsc2n43zz6xqewf4nl46yzdonia/include conftest.c
[ccld] cc -o conftest -DNDEBUG -I/pfs/scratch4/yellow/.mdt2/dantopa/flag/flag-arm-capulin.spack/opt/spack/cray-cnl7-arm_thunderx2/cce-9.0.1/zlib-1.2.11-krc7ibsc2n43zz6xqewf4nl46yzdonia/include -L/pfs/scratch4/yellow/.mdt2/dantopa/flag/flag-arm-capulin.spack/opt/spack/cray-cnl7-arm_thunderx2/cce-9.0.1/zlib-1.2.11-krc7ibsc2n43zz6xqewf4nl46yzdonia/lib conftest.c -lz
[ccld] cc -qversion
[cc] cc -c -DNDEBUG -I/pfs/scratch4/yellow/.mdt2/dantopa/flag/flag-arm-capulin.spack/opt/spack/cray-cnl7-arm_thunderx2/cce-9.0.1/zlib-1.2.11-krc7ibsc2n43zz6xqewf4nl46yzdonia/include conftest.c
[ccld] cc -o conftest -DNDEBUG -I/pfs/scratch4/yellow/.mdt2/dantopa/flag/flag-arm-capulin.spack/opt/spack/cray-cnl7-arm_thunderx2/cce-9.0.1/zlib-1.2.11-krc7ibsc2n43zz6xqewf4nl46yzdonia/include -L/pfs/scratch4/yellow/.mdt2/dantopa/flag/flag-arm-capulin.spack/opt/spack/cray-cnl7-arm_thunderx2/cce-9.0.1/zlib-1.2.11-krc7ibsc2n43zz6xqewf4nl46yzdonia/lib conftest.c -lz
[ccld] cc -o conftest -DNDEBUG -I/pfs/scratch4/yellow/.mdt2/dantopa/flag/flag-arm-capulin.spack/opt/spack/cray-cnl7-arm_thunderx2/cce-9.0.1/zlib-1.2.11-krc7ibsc2n43zz6xqewf4nl46yzdonia/include -L/pfs/scratch4/yellow/.mdt2/dantopa/flag/flag-arm-capulin.spack/opt/spack/cray-cnl7-arm_thunderx2/cce-9.0.1/zlib-1.2.11-krc7ibsc2n43zz6xqewf4nl46yzdonia/lib conftest.c -lz
[ccld] cc -o conftest -DNDEBUG -I/pfs/scratch4/yellow/.mdt2/dantopa/flag/flag-arm-capulin.spack/opt/spack/cray-cnl7-arm_thunderx2/cce-9.0.1/zlib-1.2.11-krc7ibsc2n43zz6xqewf4nl46yzdonia/include -L/pfs/scratch4/yellow/.mdt2/dantopa/flag/flag-arm-capulin.spack/opt/spack/cray-cnl7-arm_thunderx2/cce-9.0.1/zlib-1.2.11-krc7ibsc2n43zz6xqewf4nl46yzdonia/lib conftest.c -lz
[ccld] cc -o conftest -DNDEBUG -I/pfs/scratch4/yellow/.mdt2/dantopa/flag/flag-arm-capulin.spack/opt/spack/cray-cnl7-arm_thunderx2/cce-9.0.1/zlib-1.2.11-krc7ibsc2n43zz6xqewf4nl46yzdonia/include -L/pfs/scratch4/yellow/.mdt2/dantopa/flag/flag-arm-capulin.spack/opt/spack/cray-cnl7-arm_thunderx2/cce-9.0.1/zlib-1.2.11-krc7ibsc2n43zz6xqewf4nl46yzdonia/lib conftest.c -lz
[ccld] cc -o conftest -DNDEBUG -I/pfs/scratch4/yellow/.mdt2/dantopa/flag/flag-arm-capulin.spack/opt/spack/cray-cnl7-arm_thunderx2/cce-9.0.1/zlib-1.2.11-krc7ibsc2n43zz6xqewf4nl46yzdonia/include -L/pfs/scratch4/yellow/.mdt2/dantopa/flag/flag-arm-capulin.spack/opt/spack/cray-cnl7-arm_thunderx2/cce-9.0.1/zlib-1.2.11-krc7ibsc2n43zz6xqewf4nl46yzdonia/lib conftest.c -lz
[ccld] cc -o conftest -DNDEBUG -I/pfs/scratch4/yellow/.mdt2/dantopa/flag/flag-arm-capulin.spack/opt/spack/cray-cnl7-arm_thunderx2/cce-9.0.1/zlib-1.2.11-krc7ibsc2n43zz6xqewf4nl46yzdonia/include -L/pfs/scratch4/yellow/.mdt2/dantopa/flag/flag-arm-capulin.spack/opt/spack/cray-cnl7-arm_thunderx2/cce-9.0.1/zlib-1.2.11-krc7ibsc2n43zz6xqewf4nl46yzdonia/lib conftest.c -lz
[ccld] cc -o conftest -DNDEBUG -I/pfs/scratch4/yellow/.mdt2/dantopa/flag/flag-arm-capulin.spack/opt/spack/cray-cnl7-arm_thunderx2/cce-9.0.1/zlib-1.2.11-krc7ibsc2n43zz6xqewf4nl46yzdonia/include -L/pfs/scratch4/yellow/.mdt2/dantopa/flag/flag-arm-capulin.spack/opt/spack/cray-cnl7-arm_thunderx2/cce-9.0.1/zlib-1.2.11-krc7ibsc2n43zz6xqewf4nl46yzdonia/lib conftest.c -lz
[ccld] cc -o conftest -DNDEBUG -I/pfs/scratch4/yellow/.mdt2/dantopa/flag/flag-arm-capulin.spack/opt/spack/cray-cnl7-arm_thunderx2/cce-9.0.1/zlib-1.2.11-krc7ibsc2n43zz6xqewf4nl46yzdonia/include -L/pfs/scratch4/yellow/.mdt2/dantopa/flag/flag-arm-capulin.spack/opt/spack/cray-cnl7-arm_thunderx2/cce-9.0.1/zlib-1.2.11-krc7ibsc2n43zz6xqewf4nl46yzdonia/lib conftest.c -lz
[cc] cc -c -DNDEBUG -I/pfs/scratch4/yellow/.mdt2/dantopa/flag/flag-arm-capulin.spack/opt/spack/cray-cnl7-arm_thunderx2/cce-9.0.1/zlib-1.2.11-krc7ibsc2n43zz6xqewf4nl46yzdonia/include conftest.c
[cc] cc -c -DNDEBUG -I/pfs/scratch4/yellow/.mdt2/dantopa/flag/flag-arm-capulin.spack/opt/spack/cray-cnl7-arm_thunderx2/cce-9.0.1/zlib-1.2.11-krc7ibsc2n43zz6xqewf4nl46yzdonia/include conftest.c
[cc] cc -c -DNDEBUG -I/pfs/scratch4/yellow/.mdt2/dantopa/flag/flag-arm-capulin.spack/opt/spack/cray-cnl7-arm_thunderx2/cce-9.0.1/zlib-1.2.11-krc7ibsc2n43zz6xqewf4nl46yzdonia/include conftest.c
[cc] cc -c -DNDEBUG -I/pfs/scratch4/yellow/.mdt2/dantopa/flag/flag-arm-capulin.spack/opt/spack/cray-cnl7-arm_thunderx2/cce-9.0.1/zlib-1.2.11-krc7ibsc2n43zz6xqewf4nl46yzdonia/include conftest.c
[cc] cc -c -DNDEBUG -I/pfs/scratch4/yellow/.mdt2/dantopa/flag/flag-arm-capulin.spack/opt/spack/cray-cnl7-arm_thunderx2/cce-9.0.1/zlib-1.2.11-krc7ibsc2n43zz6xqewf4nl46yzdonia/include conftest.c
[cc] cc -c -DNDEBUG -finline-functions -I/pfs/scratch4/yellow/.mdt2/dantopa/flag/flag-arm-capulin.spack/opt/spack/cray-cnl7-arm_thunderx2/cce-9.0.1/zlib-1.2.11-krc7ibsc2n43zz6xqewf4nl46yzdonia/include conftest.c
[cc] cc -c -DNDEBUG -finline-functions -fno-strict-aliasing -I/pfs/scratch4/yellow/.mdt2/dantopa/flag/flag-arm-capulin.spack/opt/spack/cray-cnl7-arm_thunderx2/cce-9.0.1/zlib-1.2.11-krc7ibsc2n43zz6xqewf4nl46yzdonia/include conftest.c
[ccld] cc -o conftest -DNDEBUG -finline-functions -fno-strict-aliasing -I/pfs/scratch4/yellow/.mdt2/dantopa/flag/flag-arm-capulin.spack/opt/spack/cray-cnl7-arm_thunderx2/cce-9.0.1/zlib-1.2.11-krc7ibsc2n43zz6xqewf4nl46yzdonia/include -L/pfs/scratch4/yellow/.mdt2/dantopa/flag/flag-arm-capulin.spack/opt/spack/cray-cnl7-arm_thunderx2/cce-9.0.1/zlib-1.2.11-krc7ibsc2n43zz6xqewf4nl46yzdonia/lib conftest.c -lz
[ccld] cc -o conftest -DNDEBUG -finline-functions -fno-strict-aliasing -I/pfs/scratch4/yellow/.mdt2/dantopa/flag/flag-arm-capulin.spack/opt/spack/cray-cnl7-arm_thunderx2/cce-9.0.1/zlib-1.2.11-krc7ibsc2n43zz6xqewf4nl46yzdonia/include -L/pfs/scratch4/yellow/.mdt2/dantopa/flag/flag-arm-capulin.spack/opt/spack/cray-cnl7-arm_thunderx2/cce-9.0.1/zlib-1.2.11-krc7ibsc2n43zz6xqewf4nl46yzdonia/lib conftest.c -lz
[ccld] cc -o conftest -DNDEBUG -finline-functions -fno-strict-aliasing -I/pfs/scratch4/yellow/.mdt2/dantopa/flag/flag-arm-capulin.spack/opt/spack/cray-cnl7-arm_thunderx2/cce-9.0.1/zlib-1.2.11-krc7ibsc2n43zz6xqewf4nl46yzdonia/include -L/pfs/scratch4/yellow/.mdt2/dantopa/flag/flag-arm-capulin.spack/opt/spack/cray-cnl7-arm_thunderx2/cce-9.0.1/zlib-1.2.11-krc7ibsc2n43zz6xqewf4nl46yzdonia/lib conftest.c -lz
[cc] cc -c -O3 -DNDEBUG -finline-functions -fno-strict-aliasing -I/pfs/scratch4/yellow/.mdt2/dantopa/flag/flag-arm-capulin.spack/opt/spack/cray-cnl7-arm_thunderx2/cce-9.0.1/zlib-1.2.11-krc7ibsc2n43zz6xqewf4nl46yzdonia/include conftest.c
[cc] cc -O3 -DNDEBUG -finline-functions -fno-strict-aliasing -c conftest.c -o conftest.o
[cc] cc -O3 -DNDEBUG -finline-functions -fno-strict-aliasing -c conftest.c -o conftest.o
[cc] cc -O3 -DNDEBUG -finline-functions -fno-strict-aliasing -c conftest.c -o conftest.o
[cc] cc -c -O3 -DNDEBUG -finline-functions -fno-strict-aliasing -I/pfs/scratch4/yellow/.mdt2/dantopa/flag/flag-arm-capulin.spack/opt/spack/cray-cnl7-arm_thunderx2/cce-9.0.1/zlib-1.2.11-krc7ibsc2n43zz6xqewf4nl46yzdonia/include conftest.c
[cc] cc -c -O3 -DNDEBUG -finline-functions -fno-strict-aliasing -I/pfs/scratch4/yellow/.mdt2/dantopa/flag/flag-arm-capulin.spack/opt/spack/cray-cnl7-arm_thunderx2/cce-9.0.1/zlib-1.2.11-krc7ibsc2n43zz6xqewf4nl46yzdonia/include conftest.c
[cc] cc -c -O3 -DNDEBUG -finline-functions -fno-strict-aliasing -I/pfs/scratch4/yellow/.mdt2/dantopa/flag/flag-arm-capulin.spack/opt/spack/cray-cnl7-arm_thunderx2/cce-9.0.1/zlib-1.2.11-krc7ibsc2n43zz6xqewf4nl46yzdonia/include conftest.c
[cc] cc -c -O3 -DNDEBUG -finline-functions -fno-strict-aliasing -I/pfs/scratch4/yellow/.mdt2/dantopa/flag/flag-arm-capulin.spack/opt/spack/cray-cnl7-arm_thunderx2/cce-9.0.1/zlib-1.2.11-krc7ibsc2n43zz6xqewf4nl46yzdonia/include conftest.c
[cc] cc -c -O3 -DNDEBUG -finline-functions -fno-strict-aliasing -I/pfs/scratch4/yellow/.mdt2/dantopa/flag/flag-arm-capulin.spack/opt/spack/cray-cnl7-arm_thunderx2/cce-9.0.1/zlib-1.2.11-krc7ibsc2n43zz6xqewf4nl46yzdonia/include conftest.c
[cc] cc -c -O3 -DNDEBUG -finline-functions -fno-strict-aliasing -I/pfs/scratch4/yellow/.mdt2/dantopa/flag/flag-arm-capulin.spack/opt/spack/cray-cnl7-arm_thunderx2/cce-9.0.1/zlib-1.2.11-krc7ibsc2n43zz6xqewf4nl46yzdonia/include conftest.c
[cc] cc -c -O3 -DNDEBUG -finline-functions -fno-strict-aliasing -I/pfs/scratch4/yellow/.mdt2/dantopa/flag/flag-arm-capulin.spack/opt/spack/cray-cnl7-arm_thunderx2/cce-9.0.1/zlib-1.2.11-krc7ibsc2n43zz6xqewf4nl46yzdonia/include conftest.c
[cc] cc -c -O3 -DNDEBUG -finline-functions -fno-strict-aliasing -I/pfs/scratch4/yellow/.mdt2/dantopa/flag/flag-arm-capulin.spack/opt/spack/cray-cnl7-arm_thunderx2/cce-9.0.1/zlib-1.2.11-krc7ibsc2n43zz6xqewf4nl46yzdonia/include conftest.c
[cc] cc -c -O3 -DNDEBUG -finline-functions -fno-strict-aliasing -I/pfs/scratch4/yellow/.mdt2/dantopa/flag/flag-arm-capulin.spack/opt/spack/cray-cnl7-arm_thunderx2/cce-9.0.1/zlib-1.2.11-krc7ibsc2n43zz6xqewf4nl46yzdonia/include conftest.c
[cc] cc -c -O3 -DNDEBUG -finline-functions -fno-strict-aliasing -I/pfs/scratch4/yellow/.mdt2/dantopa/flag/flag-arm-capulin.spack/opt/spack/cray-cnl7-arm_thunderx2/cce-9.0.1/zlib-1.2.11-krc7ibsc2n43zz6xqewf4nl46yzdonia/include conftest.c
[cc] cc -c -O3 -DNDEBUG -finline-functions -fno-strict-aliasing -I/pfs/scratch4/yellow/.mdt2/dantopa/flag/flag-arm-capulin.spack/opt/spack/cray-cnl7-arm_thunderx2/cce-9.0.1/zlib-1.2.11-krc7ibsc2n43zz6xqewf4nl46yzdonia/include conftest.c
[cc] cc -c -O3 -DNDEBUG -finline-functions -fno-strict-aliasing -I/pfs/scratch4/yellow/.mdt2/dantopa/flag/flag-arm-capulin.spack/opt/spack/cray-cnl7-arm_thunderx2/cce-9.0.1/zlib-1.2.11-krc7ibsc2n43zz6xqewf4nl46yzdonia/include conftest.c
[cc] cc -c -O3 -DNDEBUG -finline-functions -fno-strict-aliasing -I/pfs/scratch4/yellow/.mdt2/dantopa/flag/flag-arm-capulin.spack/opt/spack/cray-cnl7-arm_thunderx2/cce-9.0.1/zlib-1.2.11-krc7ibsc2n43zz6xqewf4nl46yzdonia/include conftest.c
[cc] cc -c -O3 -DNDEBUG -finline-functions -fno-strict-aliasing -I/pfs/scratch4/yellow/.mdt2/dantopa/flag/flag-arm-capulin.spack/opt/spack/cray-cnl7-arm_thunderx2/cce-9.0.1/zlib-1.2.11-krc7ibsc2n43zz6xqewf4nl46yzdonia/include conftest.c
[cc] cc -c -O3 -DNDEBUG -finline-functions -fno-strict-aliasing -I/pfs/scratch4/yellow/.mdt2/dantopa/flag/flag-arm-capulin.spack/opt/spack/cray-cnl7-arm_thunderx2/cce-9.0.1/zlib-1.2.11-krc7ibsc2n43zz6xqewf4nl46yzdonia/include conftest.c
[cc] cc -c -O3 -DNDEBUG -finline-functions -fno-strict-aliasing -I/pfs/scratch4/yellow/.mdt2/dantopa/flag/flag-arm-capulin.spack/opt/spack/cray-cnl7-arm_thunderx2/cce-9.0.1/zlib-1.2.11-krc7ibsc2n43zz6xqewf4nl46yzdonia/include conftest.c
[cc] cc -c -O3 -DNDEBUG -finline-functions -fno-strict-aliasing -I/pfs/scratch4/yellow/.mdt2/dantopa/flag/flag-arm-capulin.spack/opt/spack/cray-cnl7-arm_thunderx2/cce-9.0.1/zlib-1.2.11-krc7ibsc2n43zz6xqewf4nl46yzdonia/include conftest.c
[cc] cc -c -O3 -DNDEBUG -finline-functions -fno-strict-aliasing -I/pfs/scratch4/yellow/.mdt2/dantopa/flag/flag-arm-capulin.spack/opt/spack/cray-cnl7-arm_thunderx2/cce-9.0.1/zlib-1.2.11-krc7ibsc2n43zz6xqewf4nl46yzdonia/include conftest.c
[cc] cc -c -O3 -DNDEBUG -finline-functions -fno-strict-aliasing -I/pfs/scratch4/yellow/.mdt2/dantopa/flag/flag-arm-capulin.spack/opt/spack/cray-cnl7-arm_thunderx2/cce-9.0.1/zlib-1.2.11-krc7ibsc2n43zz6xqewf4nl46yzdonia/include conftest.c
[cc] cc -c -O3 -DNDEBUG -finline-functions -fno-strict-aliasing -I/pfs/scratch4/yellow/.mdt2/dantopa/flag/flag-arm-capulin.spack/opt/spack/cray-cnl7-arm_thunderx2/cce-9.0.1/zlib-1.2.11-krc7ibsc2n43zz6xqewf4nl46yzdonia/include conftest.c
[cc] cc -c -O3 -DNDEBUG -finline-functions -fno-strict-aliasing -I/pfs/scratch4/yellow/.mdt2/dantopa/flag/flag-arm-capulin.spack/opt/spack/cray-cnl7-arm_thunderx2/cce-9.0.1/zlib-1.2.11-krc7ibsc2n43zz6xqewf4nl46yzdonia/include conftest.c
[cc] cc -c -O3 -DNDEBUG -finline-functions -fno-strict-aliasing -I/pfs/scratch4/yellow/.mdt2/dantopa/flag/flag-arm-capulin.spack/opt/spack/cray-cnl7-arm_thunderx2/cce-9.0.1/zlib-1.2.11-krc7ibsc2n43zz6xqewf4nl46yzdonia/include conftest.c
[cc] cc -c -O3 -DNDEBUG -finline-functions -fno-strict-aliasing -I/pfs/scratch4/yellow/.mdt2/dantopa/flag/flag-arm-capulin.spack/opt/spack/cray-cnl7-arm_thunderx2/cce-9.0.1/zlib-1.2.11-krc7ibsc2n43zz6xqewf4nl46yzdonia/include conftest.c
[cc] cc -c -O3 -DNDEBUG -finline-functions -fno-strict-aliasing -I/pfs/scratch4/yellow/.mdt2/dantopa/flag/flag-arm-capulin.spack/opt/spack/cray-cnl7-arm_thunderx2/cce-9.0.1/zlib-1.2.11-krc7ibsc2n43zz6xqewf4nl46yzdonia/include conftest.c
[cc] cc -c -O3 -DNDEBUG -finline-functions -fno-strict-aliasing -I/pfs/scratch4/yellow/.mdt2/dantopa/flag/flag-arm-capulin.spack/opt/spack/cray-cnl7-arm_thunderx2/cce-9.0.1/zlib-1.2.11-krc7ibsc2n43zz6xqewf4nl46yzdonia/include conftest.c
[cc] cc -c -O3 -DNDEBUG -finline-functions -fno-strict-aliasing -I/pfs/scratch4/yellow/.mdt2/dantopa/flag/flag-arm-capulin.spack/opt/spack/cray-cnl7-arm_thunderx2/cce-9.0.1/zlib-1.2.11-krc7ibsc2n43zz6xqewf4nl46yzdonia/include conftest.c
[cpp] cc -E -I/pfs/scratch4/yellow/.mdt2/dantopa/flag/flag-arm-capulin.spack/opt/spack/cray-cnl7-arm_thunderx2/cce-9.0.1/zlib-1.2.11-krc7ibsc2n43zz6xqewf4nl46yzdonia/include conftest.c
[cc] cc -c -O3 -DNDEBUG -finline-functions -fno-strict-aliasing -I/pfs/scratch4/yellow/.mdt2/dantopa/flag/flag-arm-capulin.spack/opt/spack/cray-cnl7-arm_thunderx2/cce-9.0.1/zlib-1.2.11-krc7ibsc2n43zz6xqewf4nl46yzdonia/include conftest.c
[cc] cc -c -O3 -DNDEBUG -finline-functions -fno-strict-aliasing -I/pfs/scratch4/yellow/.mdt2/dantopa/flag/flag-arm-capulin.spack/opt/spack/cray-cnl7-arm_thunderx2/cce-9.0.1/zlib-1.2.11-krc7ibsc2n43zz6xqewf4nl46yzdonia/include conftest.c
[cc] cc -c -O3 -DNDEBUG -finline-functions -fno-strict-aliasing -I/pfs/scratch4/yellow/.mdt2/dantopa/flag/flag-arm-capulin.spack/opt/spack/cray-cnl7-arm_thunderx2/cce-9.0.1/zlib-1.2.11-krc7ibsc2n43zz6xqewf4nl46yzdonia/include conftest.c
[cc] cc -c -O3 -DNDEBUG -finline-functions -fno-strict-aliasing -I/pfs/scratch4/yellow/.mdt2/dantopa/flag/flag-arm-capulin.spack/opt/spack/cray-cnl7-arm_thunderx2/cce-9.0.1/zlib-1.2.11-krc7ibsc2n43zz6xqewf4nl46yzdonia/include conftest.c
[cc] cc -c -O3 -DNDEBUG -finline-functions -fno-strict-aliasing -I/pfs/scratch4/yellow/.mdt2/dantopa/flag/flag-arm-capulin.spack/opt/spack/cray-cnl7-arm_thunderx2/cce-9.0.1/zlib-1.2.11-krc7ibsc2n43zz6xqewf4nl46yzdonia/include conftest.c
[cc] cc -c -O3 -DNDEBUG -finline-functions -fno-strict-aliasing -I/pfs/scratch4/yellow/.mdt2/dantopa/flag/flag-arm-capulin.spack/opt/spack/cray-cnl7-arm_thunderx2/cce-9.0.1/zlib-1.2.11-krc7ibsc2n43zz6xqewf4nl46yzdonia/include conftest.c
[cc] cc -c -O3 -DNDEBUG -finline-functions -fno-strict-aliasing -I/pfs/scratch4/yellow/.mdt2/dantopa/flag/flag-arm-capulin.spack/opt/spack/cray-cnl7-arm_thunderx2/cce-9.0.1/zlib-1.2.11-krc7ibsc2n43zz6xqewf4nl46yzdonia/include conftest.c
[cc] cc -c -O3 -DNDEBUG -finline-functions -fno-strict-aliasing -I/pfs/scratch4/yellow/.mdt2/dantopa/flag/flag-arm-capulin.spack/opt/spack/cray-cnl7-arm_thunderx2/cce-9.0.1/zlib-1.2.11-krc7ibsc2n43zz6xqewf4nl46yzdonia/include conftest.c
[cc] cc -c -O3 -DNDEBUG -finline-functions -fno-strict-aliasing -I/pfs/scratch4/yellow/.mdt2/dantopa/flag/flag-arm-capulin.spack/opt/spack/cray-cnl7-arm_thunderx2/cce-9.0.1/zlib-1.2.11-krc7ibsc2n43zz6xqewf4nl46yzdonia/include conftest.c
[cc] cc -c -O3 -DNDEBUG -finline-functions -fno-strict-aliasing -I/pfs/scratch4/yellow/.mdt2/dantopa/flag/flag-arm-capulin.spack/opt/spack/cray-cnl7-arm_thunderx2/cce-9.0.1/zlib-1.2.11-krc7ibsc2n43zz6xqewf4nl46yzdonia/include conftest.c
[cc] cc -c -O3 -DNDEBUG -finline-functions -fno-strict-aliasing -I/pfs/scratch4/yellow/.mdt2/dantopa/flag/flag-arm-capulin.spack/opt/spack/cray-cnl7-arm_thunderx2/cce-9.0.1/zlib-1.2.11-krc7ibsc2n43zz6xqewf4nl46yzdonia/include conftest.c
[cc] cc -c -O3 -DNDEBUG -finline-functions -fno-strict-aliasing -I/pfs/scratch4/yellow/.mdt2/dantopa/flag/flag-arm-capulin.spack/opt/spack/cray-cnl7-arm_thunderx2/cce-9.0.1/zlib-1.2.11-krc7ibsc2n43zz6xqewf4nl46yzdonia/include conftest.c
[cc] cc -c -O3 -DNDEBUG -finline-functions -fno-strict-aliasing -I/pfs/scratch4/yellow/.mdt2/dantopa/flag/flag-arm-capulin.spack/opt/spack/cray-cnl7-arm_thunderx2/cce-9.0.1/zlib-1.2.11-krc7ibsc2n43zz6xqewf4nl46yzdonia/include conftest.c
[cc] cc -c -O3 -DNDEBUG -finline-functions -fno-strict-aliasing -I/pfs/scratch4/yellow/.mdt2/dantopa/flag/flag-arm-capulin.spack/opt/spack/cray-cnl7-arm_thunderx2/cce-9.0.1/zlib-1.2.11-krc7ibsc2n43zz6xqewf4nl46yzdonia/include conftest.c
[cc] cc -c -O3 -DNDEBUG -finline-functions -fno-strict-aliasing -I/pfs/scratch4/yellow/.mdt2/dantopa/flag/flag-arm-capulin.spack/opt/spack/cray-cnl7-arm_thunderx2/cce-9.0.1/zlib-1.2.11-krc7ibsc2n43zz6xqewf4nl46yzdonia/include conftest.c
[cc] cc -c -O3 -DNDEBUG -finline-functions -fno-strict-aliasing -I/pfs/scratch4/yellow/.mdt2/dantopa/flag/flag-arm-capulin.spack/opt/spack/cray-cnl7-arm_thunderx2/cce-9.0.1/zlib-1.2.11-krc7ibsc2n43zz6xqewf4nl46yzdonia/include conftest.c
[ccld] cc -o conftest -O3 -DNDEBUG -finline-functions -fno-strict-aliasing -I/pfs/scratch4/yellow/.mdt2/dantopa/flag/flag-arm-capulin.spack/opt/spack/cray-cnl7-arm_thunderx2/cce-9.0.1/zlib-1.2.11-krc7ibsc2n43zz6xqewf4nl46yzdonia/include -L/pfs/scratch4/yellow/.mdt2/dantopa/flag/flag-arm-capulin.spack/opt/spack/cray-cnl7-arm_thunderx2/cce-9.0.1/zlib-1.2.11-krc7ibsc2n43zz6xqewf4nl46yzdonia/lib conftest.c -lz
[ccld] cc -o conftest -O3 -DNDEBUG -finline-functions -fno-strict-aliasing -I/pfs/scratch4/yellow/.mdt2/dantopa/flag/flag-arm-capulin.spack/opt/spack/cray-cnl7-arm_thunderx2/cce-9.0.1/zlib-1.2.11-krc7ibsc2n43zz6xqewf4nl46yzdonia/include -L/pfs/scratch4/yellow/.mdt2/dantopa/flag/flag-arm-capulin.spack/opt/spack/cray-cnl7-arm_thunderx2/cce-9.0.1/zlib-1.2.11-krc7ibsc2n43zz6xqewf4nl46yzdonia/lib conftest.c -lz
[ccld] cc -o conftest -O3 -DNDEBUG -finline-functions -fno-strict-aliasing -I/pfs/scratch4/yellow/.mdt2/dantopa/flag/flag-arm-capulin.spack/opt/spack/cray-cnl7-arm_thunderx2/cce-9.0.1/zlib-1.2.11-krc7ibsc2n43zz6xqewf4nl46yzdonia/include -L/pfs/scratch4/yellow/.mdt2/dantopa/flag/flag-arm-capulin.spack/opt/spack/cray-cnl7-arm_thunderx2/cce-9.0.1/zlib-1.2.11-krc7ibsc2n43zz6xqewf4nl46yzdonia/lib conftest.c -lz
[ccld] cc -o conftest -O3 -DNDEBUG -finline-functions -fno-strict-aliasing -I/pfs/scratch4/yellow/.mdt2/dantopa/flag/flag-arm-capulin.spack/opt/spack/cray-cnl7-arm_thunderx2/cce-9.0.1/zlib-1.2.11-krc7ibsc2n43zz6xqewf4nl46yzdonia/include -L/pfs/scratch4/yellow/.mdt2/dantopa/flag/flag-arm-capulin.spack/opt/spack/cray-cnl7-arm_thunderx2/cce-9.0.1/zlib-1.2.11-krc7ibsc2n43zz6xqewf4nl46yzdonia/lib conftest.c -lz
[ccld] cc -o conftest -O3 -DNDEBUG -finline-functions -fno-strict-aliasing -I/pfs/scratch4/yellow/.mdt2/dantopa/flag/flag-arm-capulin.spack/opt/spack/cray-cnl7-arm_thunderx2/cce-9.0.1/zlib-1.2.11-krc7ibsc2n43zz6xqewf4nl46yzdonia/include -L/pfs/scratch4/yellow/.mdt2/dantopa/flag/flag-arm-capulin.spack/opt/spack/cray-cnl7-arm_thunderx2/cce-9.0.1/zlib-1.2.11-krc7ibsc2n43zz6xqewf4nl46yzdonia/lib conftest.c -lz
[ccld] cc -o conftest -O3 -DNDEBUG -finline-functions -fno-strict-aliasing -I/pfs/scratch4/yellow/.mdt2/dantopa/flag/flag-arm-capulin.spack/opt/spack/cray-cnl7-arm_thunderx2/cce-9.0.1/zlib-1.2.11-krc7ibsc2n43zz6xqewf4nl46yzdonia/include -L/pfs/scratch4/yellow/.mdt2/dantopa/flag/flag-arm-capulin.spack/opt/spack/cray-cnl7-arm_thunderx2/cce-9.0.1/zlib-1.2.11-krc7ibsc2n43zz6xqewf4nl46yzdonia/lib conftest.c -lz
[ccld] cc -o conftest -O3 -DNDEBUG -finline-functions -fno-strict-aliasing -I/pfs/scratch4/yellow/.mdt2/dantopa/flag/flag-arm-capulin.spack/opt/spack/cray-cnl7-arm_thunderx2/cce-9.0.1/zlib-1.2.11-krc7ibsc2n43zz6xqewf4nl46yzdonia/include -L/pfs/scratch4/yellow/.mdt2/dantopa/flag/flag-arm-capulin.spack/opt/spack/cray-cnl7-arm_thunderx2/cce-9.0.1/zlib-1.2.11-krc7ibsc2n43zz6xqewf4nl46yzdonia/lib conftest.c -lz
[ccld] cc -o conftest -O3 -DNDEBUG -finline-functions -fno-strict-aliasing -I/pfs/scratch4/yellow/.mdt2/dantopa/flag/flag-arm-capulin.spack/opt/spack/cray-cnl7-arm_thunderx2/cce-9.0.1/zlib-1.2.11-krc7ibsc2n43zz6xqewf4nl46yzdonia/include -L/pfs/scratch4/yellow/.mdt2/dantopa/flag/flag-arm-capulin.spack/opt/spack/cray-cnl7-arm_thunderx2/cce-9.0.1/zlib-1.2.11-krc7ibsc2n43zz6xqewf4nl46yzdonia/lib conftest.c -lz
[ccld] cc -o conftest -O3 -DNDEBUG -finline-functions -fno-strict-aliasing -I/pfs/scratch4/yellow/.mdt2/dantopa/flag/flag-arm-capulin.spack/opt/spack/cray-cnl7-arm_thunderx2/cce-9.0.1/zlib-1.2.11-krc7ibsc2n43zz6xqewf4nl46yzdonia/include -L/pfs/scratch4/yellow/.mdt2/dantopa/flag/flag-arm-capulin.spack/opt/spack/cray-cnl7-arm_thunderx2/cce-9.0.1/zlib-1.2.11-krc7ibsc2n43zz6xqewf4nl46yzdonia/lib conftest.c -lz
[ccld] cc -o conftest -O3 -DNDEBUG -finline-functions -fno-strict-aliasing -I/pfs/scratch4/yellow/.mdt2/dantopa/flag/flag-arm-capulin.spack/opt/spack/cray-cnl7-arm_thunderx2/cce-9.0.1/zlib-1.2.11-krc7ibsc2n43zz6xqewf4nl46yzdonia/include -L/pfs/scratch4/yellow/.mdt2/dantopa/flag/flag-arm-capulin.spack/opt/spack/cray-cnl7-arm_thunderx2/cce-9.0.1/zlib-1.2.11-krc7ibsc2n43zz6xqewf4nl46yzdonia/lib conftest.c -lz
[ccld] cc -o conftest -O3 -DNDEBUG -finline-functions -fno-strict-aliasing -I/pfs/scratch4/yellow/.mdt2/dantopa/flag/flag-arm-capulin.spack/opt/spack/cray-cnl7-arm_thunderx2/cce-9.0.1/zlib-1.2.11-krc7ibsc2n43zz6xqewf4nl46yzdonia/include -L/pfs/scratch4/yellow/.mdt2/dantopa/flag/flag-arm-capulin.spack/opt/spack/cray-cnl7-arm_thunderx2/cce-9.0.1/zlib-1.2.11-krc7ibsc2n43zz6xqewf4nl46yzdonia/lib conftest.c -lz
[ccld] cc -o conftest -O3 -DNDEBUG -finline-functions -fno-strict-aliasing -I/pfs/scratch4/yellow/.mdt2/dantopa/flag/flag-arm-capulin.spack/opt/spack/cray-cnl7-arm_thunderx2/cce-9.0.1/zlib-1.2.11-krc7ibsc2n43zz6xqewf4nl46yzdonia/include -L/pfs/scratch4/yellow/.mdt2/dantopa/flag/flag-arm-capulin.spack/opt/spack/cray-cnl7-arm_thunderx2/cce-9.0.1/zlib-1.2.11-krc7ibsc2n43zz6xqewf4nl46yzdonia/lib conftest.c -lz
[ccld] cc -o conftest -O3 -DNDEBUG -finline-functions -fno-strict-aliasing -I/pfs/scratch4/yellow/.mdt2/dantopa/flag/flag-arm-capulin.spack/opt/spack/cray-cnl7-arm_thunderx2/cce-9.0.1/zlib-1.2.11-krc7ibsc2n43zz6xqewf4nl46yzdonia/include -L/pfs/scratch4/yellow/.mdt2/dantopa/flag/flag-arm-capulin.spack/opt/spack/cray-cnl7-arm_thunderx2/cce-9.0.1/zlib-1.2.11-krc7ibsc2n43zz6xqewf4nl46yzdonia/lib conftest.c -lz
[ccld] cc -o conftest -O3 -DNDEBUG -finline-functions -fno-strict-aliasing -I/pfs/scratch4/yellow/.mdt2/dantopa/flag/flag-arm-capulin.spack/opt/spack/cray-cnl7-arm_thunderx2/cce-9.0.1/zlib-1.2.11-krc7ibsc2n43zz6xqewf4nl46yzdonia/include -L/pfs/scratch4/yellow/.mdt2/dantopa/flag/flag-arm-capulin.spack/opt/spack/cray-cnl7-arm_thunderx2/cce-9.0.1/zlib-1.2.11-krc7ibsc2n43zz6xqewf4nl46yzdonia/lib conftest.c -lz
[ccld] cc -o conftest -O3 -DNDEBUG -finline-functions -fno-strict-aliasing -I/pfs/scratch4/yellow/.mdt2/dantopa/flag/flag-arm-capulin.spack/opt/spack/cray-cnl7-arm_thunderx2/cce-9.0.1/zlib-1.2.11-krc7ibsc2n43zz6xqewf4nl46yzdonia/include -L/pfs/scratch4/yellow/.mdt2/dantopa/flag/flag-arm-capulin.spack/opt/spack/cray-cnl7-arm_thunderx2/cce-9.0.1/zlib-1.2.11-krc7ibsc2n43zz6xqewf4nl46yzdonia/lib conftest.c -lz
[ccld] cc -o conftest -O3 -DNDEBUG -finline-functions -fno-strict-aliasing -I/pfs/scratch4/yellow/.mdt2/dantopa/flag/flag-arm-capulin.spack/opt/spack/cray-cnl7-arm_thunderx2/cce-9.0.1/zlib-1.2.11-krc7ibsc2n43zz6xqewf4nl46yzdonia/include -L/pfs/scratch4/yellow/.mdt2/dantopa/flag/flag-arm-capulin.spack/opt/spack/cray-cnl7-arm_thunderx2/cce-9.0.1/zlib-1.2.11-krc7ibsc2n43zz6xqewf4nl46yzdonia/lib conftest.c -lz
[ccld] cc -o conftest -O3 -DNDEBUG -finline-functions -fno-strict-aliasing -I/pfs/scratch4/yellow/.mdt2/dantopa/flag/flag-arm-capulin.spack/opt/spack/cray-cnl7-arm_thunderx2/cce-9.0.1/zlib-1.2.11-krc7ibsc2n43zz6xqewf4nl46yzdonia/include -L/pfs/scratch4/yellow/.mdt2/dantopa/flag/flag-arm-capulin.spack/opt/spack/cray-cnl7-arm_thunderx2/cce-9.0.1/zlib-1.2.11-krc7ibsc2n43zz6xqewf4nl46yzdonia/lib conftest.c -lz
[ccld] cc -o conftest -O3 -DNDEBUG -finline-functions -fno-strict-aliasing -I/pfs/scratch4/yellow/.mdt2/dantopa/flag/flag-arm-capulin.spack/opt/spack/cray-cnl7-arm_thunderx2/cce-9.0.1/zlib-1.2.11-krc7ibsc2n43zz6xqewf4nl46yzdonia/include -L/pfs/scratch4/yellow/.mdt2/dantopa/flag/flag-arm-capulin.spack/opt/spack/cray-cnl7-arm_thunderx2/cce-9.0.1/zlib-1.2.11-krc7ibsc2n43zz6xqewf4nl46yzdonia/lib conftest.c -lz
[ccld] cc -o conftest -O3 -DNDEBUG -finline-functions -fno-strict-aliasing -I/pfs/scratch4/yellow/.mdt2/dantopa/flag/flag-arm-capulin.spack/opt/spack/cray-cnl7-arm_thunderx2/cce-9.0.1/zlib-1.2.11-krc7ibsc2n43zz6xqewf4nl46yzdonia/include -L/pfs/scratch4/yellow/.mdt2/dantopa/flag/flag-arm-capulin.spack/opt/spack/cray-cnl7-arm_thunderx2/cce-9.0.1/zlib-1.2.11-krc7ibsc2n43zz6xqewf4nl46yzdonia/lib conftest.c -lz
[ccld] cc -o conftest -O3 -DNDEBUG -finline-functions -fno-strict-aliasing -I/pfs/scratch4/yellow/.mdt2/dantopa/flag/flag-arm-capulin.spack/opt/spack/cray-cnl7-arm_thunderx2/cce-9.0.1/zlib-1.2.11-krc7ibsc2n43zz6xqewf4nl46yzdonia/include -L/pfs/scratch4/yellow/.mdt2/dantopa/flag/flag-arm-capulin.spack/opt/spack/cray-cnl7-arm_thunderx2/cce-9.0.1/zlib-1.2.11-krc7ibsc2n43zz6xqewf4nl46yzdonia/lib conftest.c -lz
[ccld] cc -o conftest -O3 -DNDEBUG -finline-functions -fno-strict-aliasing -I/pfs/scratch4/yellow/.mdt2/dantopa/flag/flag-arm-capulin.spack/opt/spack/cray-cnl7-arm_thunderx2/cce-9.0.1/zlib-1.2.11-krc7ibsc2n43zz6xqewf4nl46yzdonia/include -L/pfs/scratch4/yellow/.mdt2/dantopa/flag/flag-arm-capulin.spack/opt/spack/cray-cnl7-arm_thunderx2/cce-9.0.1/zlib-1.2.11-krc7ibsc2n43zz6xqewf4nl46yzdonia/lib conftest.c -lz
[ccld] cc -o conftest -O3 -DNDEBUG -finline-functions -fno-strict-aliasing -I/pfs/scratch4/yellow/.mdt2/dantopa/flag/flag-arm-capulin.spack/opt/spack/cray-cnl7-arm_thunderx2/cce-9.0.1/zlib-1.2.11-krc7ibsc2n43zz6xqewf4nl46yzdonia/include -L/pfs/scratch4/yellow/.mdt2/dantopa/flag/flag-arm-capulin.spack/opt/spack/cray-cnl7-arm_thunderx2/cce-9.0.1/zlib-1.2.11-krc7ibsc2n43zz6xqewf4nl46yzdonia/lib conftest.c -lz
[ccld] cc -o conftest -O3 -DNDEBUG -finline-functions -fno-strict-aliasing -I/pfs/scratch4/yellow/.mdt2/dantopa/flag/flag-arm-capulin.spack/opt/spack/cray-cnl7-arm_thunderx2/cce-9.0.1/zlib-1.2.11-krc7ibsc2n43zz6xqewf4nl46yzdonia/include -L/pfs/scratch4/yellow/.mdt2/dantopa/flag/flag-arm-capulin.spack/opt/spack/cray-cnl7-arm_thunderx2/cce-9.0.1/zlib-1.2.11-krc7ibsc2n43zz6xqewf4nl46yzdonia/lib conftest.c -lz
[ccld] cc -o conftest -O3 -DNDEBUG -finline-functions -fno-strict-aliasing -I/pfs/scratch4/yellow/.mdt2/dantopa/flag/flag-arm-capulin.spack/opt/spack/cray-cnl7-arm_thunderx2/cce-9.0.1/zlib-1.2.11-krc7ibsc2n43zz6xqewf4nl46yzdonia/include -L/pfs/scratch4/yellow/.mdt2/dantopa/flag/flag-arm-capulin.spack/opt/spack/cray-cnl7-arm_thunderx2/cce-9.0.1/zlib-1.2.11-krc7ibsc2n43zz6xqewf4nl46yzdonia/lib conftest.c -lz
[ccld] cc -o conftest -O3 -DNDEBUG -finline-functions -fno-strict-aliasing -I/pfs/scratch4/yellow/.mdt2/dantopa/flag/flag-arm-capulin.spack/opt/spack/cray-cnl7-arm_thunderx2/cce-9.0.1/zlib-1.2.11-krc7ibsc2n43zz6xqewf4nl46yzdonia/include -L/pfs/scratch4/yellow/.mdt2/dantopa/flag/flag-arm-capulin.spack/opt/spack/cray-cnl7-arm_thunderx2/cce-9.0.1/zlib-1.2.11-krc7ibsc2n43zz6xqewf4nl46yzdonia/lib conftest.c -lz
[ccld] cc -o conftest -O3 -DNDEBUG -finline-functions -fno-strict-aliasing -I/pfs/scratch4/yellow/.mdt2/dantopa/flag/flag-arm-capulin.spack/opt/spack/cray-cnl7-arm_thunderx2/cce-9.0.1/zlib-1.2.11-krc7ibsc2n43zz6xqewf4nl46yzdonia/include -L/pfs/scratch4/yellow/.mdt2/dantopa/flag/flag-arm-capulin.spack/opt/spack/cray-cnl7-arm_thunderx2/cce-9.0.1/zlib-1.2.11-krc7ibsc2n43zz6xqewf4nl46yzdonia/lib conftest.c -lz
[ccld] cc -o conftest -O3 -DNDEBUG -finline-functions -fno-strict-aliasing -I/pfs/scratch4/yellow/.mdt2/dantopa/flag/flag-arm-capulin.spack/opt/spack/cray-cnl7-arm_thunderx2/cce-9.0.1/zlib-1.2.11-krc7ibsc2n43zz6xqewf4nl46yzdonia/include -L/pfs/scratch4/yellow/.mdt2/dantopa/flag/flag-arm-capulin.spack/opt/spack/cray-cnl7-arm_thunderx2/cce-9.0.1/zlib-1.2.11-krc7ibsc2n43zz6xqewf4nl46yzdonia/lib conftest.c -lz
[ccld] cc -o conftest -O3 -DNDEBUG -finline-functions -fno-strict-aliasing -I/pfs/scratch4/yellow/.mdt2/dantopa/flag/flag-arm-capulin.spack/opt/spack/cray-cnl7-arm_thunderx2/cce-9.0.1/zlib-1.2.11-krc7ibsc2n43zz6xqewf4nl46yzdonia/include -L/pfs/scratch4/yellow/.mdt2/dantopa/flag/flag-arm-capulin.spack/opt/spack/cray-cnl7-arm_thunderx2/cce-9.0.1/zlib-1.2.11-krc7ibsc2n43zz6xqewf4nl46yzdonia/lib conftest.c -lz
[ccld] cc -o conftest -O3 -DNDEBUG -finline-functions -fno-strict-aliasing -I/pfs/scratch4/yellow/.mdt2/dantopa/flag/flag-arm-capulin.spack/opt/spack/cray-cnl7-arm_thunderx2/cce-9.0.1/zlib-1.2.11-krc7ibsc2n43zz6xqewf4nl46yzdonia/include -L/pfs/scratch4/yellow/.mdt2/dantopa/flag/flag-arm-capulin.spack/opt/spack/cray-cnl7-arm_thunderx2/cce-9.0.1/zlib-1.2.11-krc7ibsc2n43zz6xqewf4nl46yzdonia/lib conftest.c -lz
[ccld] cc -o conftest -O3 -DNDEBUG -finline-functions -fno-strict-aliasing -I/pfs/scratch4/yellow/.mdt2/dantopa/flag/flag-arm-capulin.spack/opt/spack/cray-cnl7-arm_thunderx2/cce-9.0.1/zlib-1.2.11-krc7ibsc2n43zz6xqewf4nl46yzdonia/include -L/pfs/scratch4/yellow/.mdt2/dantopa/flag/flag-arm-capulin.spack/opt/spack/cray-cnl7-arm_thunderx2/cce-9.0.1/zlib-1.2.11-krc7ibsc2n43zz6xqewf4nl46yzdonia/lib conftest.c -lz
[ccld] cc -o conftest -O3 -DNDEBUG -finline-functions -fno-strict-aliasing -I/pfs/scratch4/yellow/.mdt2/dantopa/flag/flag-arm-capulin.spack/opt/spack/cray-cnl7-arm_thunderx2/cce-9.0.1/zlib-1.2.11-krc7ibsc2n43zz6xqewf4nl46yzdonia/include -L/pfs/scratch4/yellow/.mdt2/dantopa/flag/flag-arm-capulin.spack/opt/spack/cray-cnl7-arm_thunderx2/cce-9.0.1/zlib-1.2.11-krc7ibsc2n43zz6xqewf4nl46yzdonia/lib conftest.c -lz
[ccld] cc -o conftest -O3 -DNDEBUG -finline-functions -fno-strict-aliasing -I/pfs/scratch4/yellow/.mdt2/dantopa/flag/flag-arm-capulin.spack/opt/spack/cray-cnl7-arm_thunderx2/cce-9.0.1/zlib-1.2.11-krc7ibsc2n43zz6xqewf4nl46yzdonia/include -L/pfs/scratch4/yellow/.mdt2/dantopa/flag/flag-arm-capulin.spack/opt/spack/cray-cnl7-arm_thunderx2/cce-9.0.1/zlib-1.2.11-krc7ibsc2n43zz6xqewf4nl46yzdonia/lib conftest.c -lz
[ccld] cc -o conftest -O3 -DNDEBUG -finline-functions -fno-strict-aliasing -I/pfs/scratch4/yellow/.mdt2/dantopa/flag/flag-arm-capulin.spack/opt/spack/cray-cnl7-arm_thunderx2/cce-9.0.1/zlib-1.2.11-krc7ibsc2n43zz6xqewf4nl46yzdonia/include -L/pfs/scratch4/yellow/.mdt2/dantopa/flag/flag-arm-capulin.spack/opt/spack/cray-cnl7-arm_thunderx2/cce-9.0.1/zlib-1.2.11-krc7ibsc2n43zz6xqewf4nl46yzdonia/lib conftest.c -lz
[ccld] cc -o conftest -O3 -DNDEBUG -finline-functions -fno-strict-aliasing -I/pfs/scratch4/yellow/.mdt2/dantopa/flag/flag-arm-capulin.spack/opt/spack/cray-cnl7-arm_thunderx2/cce-9.0.1/zlib-1.2.11-krc7ibsc2n43zz6xqewf4nl46yzdonia/include -L/pfs/scratch4/yellow/.mdt2/dantopa/flag/flag-arm-capulin.spack/opt/spack/cray-cnl7-arm_thunderx2/cce-9.0.1/zlib-1.2.11-krc7ibsc2n43zz6xqewf4nl46yzdonia/lib conftest.c -lz
[ccld] cc -o conftest -O3 -DNDEBUG -finline-functions -fno-strict-aliasing -I/pfs/scratch4/yellow/.mdt2/dantopa/flag/flag-arm-capulin.spack/opt/spack/cray-cnl7-arm_thunderx2/cce-9.0.1/zlib-1.2.11-krc7ibsc2n43zz6xqewf4nl46yzdonia/include -L/pfs/scratch4/yellow/.mdt2/dantopa/flag/flag-arm-capulin.spack/opt/spack/cray-cnl7-arm_thunderx2/cce-9.0.1/zlib-1.2.11-krc7ibsc2n43zz6xqewf4nl46yzdonia/lib conftest.c -lz
[ccld] cc -o conftest -O3 -DNDEBUG -finline-functions -fno-strict-aliasing -I/pfs/scratch4/yellow/.mdt2/dantopa/flag/flag-arm-capulin.spack/opt/spack/cray-cnl7-arm_thunderx2/cce-9.0.1/zlib-1.2.11-krc7ibsc2n43zz6xqewf4nl46yzdonia/include -L/pfs/scratch4/yellow/.mdt2/dantopa/flag/flag-arm-capulin.spack/opt/spack/cray-cnl7-arm_thunderx2/cce-9.0.1/zlib-1.2.11-krc7ibsc2n43zz6xqewf4nl46yzdonia/lib conftest.c -lz
[ccld] cc -o conftest -O3 -DNDEBUG -finline-functions -fno-strict-aliasing -I/pfs/scratch4/yellow/.mdt2/dantopa/flag/flag-arm-capulin.spack/opt/spack/cray-cnl7-arm_thunderx2/cce-9.0.1/zlib-1.2.11-krc7ibsc2n43zz6xqewf4nl46yzdonia/include -L/pfs/scratch4/yellow/.mdt2/dantopa/flag/flag-arm-capulin.spack/opt/spack/cray-cnl7-arm_thunderx2/cce-9.0.1/zlib-1.2.11-krc7ibsc2n43zz6xqewf4nl46yzdonia/lib conftest.c -lz
[ccld] cc -o conftest -O3 -DNDEBUG -finline-functions -fno-strict-aliasing -I/pfs/scratch4/yellow/.mdt2/dantopa/flag/flag-arm-capulin.spack/opt/spack/cray-cnl7-arm_thunderx2/cce-9.0.1/zlib-1.2.11-krc7ibsc2n43zz6xqewf4nl46yzdonia/include -L/pfs/scratch4/yellow/.mdt2/dantopa/flag/flag-arm-capulin.spack/opt/spack/cray-cnl7-arm_thunderx2/cce-9.0.1/zlib-1.2.11-krc7ibsc2n43zz6xqewf4nl46yzdonia/lib conftest.c -lz
[ccld] cc -o conftest -O3 -DNDEBUG -finline-functions -fno-strict-aliasing -I/pfs/scratch4/yellow/.mdt2/dantopa/flag/flag-arm-capulin.spack/opt/spack/cray-cnl7-arm_thunderx2/cce-9.0.1/zlib-1.2.11-krc7ibsc2n43zz6xqewf4nl46yzdonia/include -L/pfs/scratch4/yellow/.mdt2/dantopa/flag/flag-arm-capulin.spack/opt/spack/cray-cnl7-arm_thunderx2/cce-9.0.1/zlib-1.2.11-krc7ibsc2n43zz6xqewf4nl46yzdonia/lib conftest.c -lz
[ccld] cc -o conftest -O3 -DNDEBUG -finline-functions -fno-strict-aliasing -I/pfs/scratch4/yellow/.mdt2/dantopa/flag/flag-arm-capulin.spack/opt/spack/cray-cnl7-arm_thunderx2/cce-9.0.1/zlib-1.2.11-krc7ibsc2n43zz6xqewf4nl46yzdonia/include -L/pfs/scratch4/yellow/.mdt2/dantopa/flag/flag-arm-capulin.spack/opt/spack/cray-cnl7-arm_thunderx2/cce-9.0.1/zlib-1.2.11-krc7ibsc2n43zz6xqewf4nl46yzdonia/lib conftest.c -lz
[ccld] cc -o conftest -O3 -DNDEBUG -finline-functions -fno-strict-aliasing -I/pfs/scratch4/yellow/.mdt2/dantopa/flag/flag-arm-capulin.spack/opt/spack/cray-cnl7-arm_thunderx2/cce-9.0.1/zlib-1.2.11-krc7ibsc2n43zz6xqewf4nl46yzdonia/include -L/pfs/scratch4/yellow/.mdt2/dantopa/flag/flag-arm-capulin.spack/opt/spack/cray-cnl7-arm_thunderx2/cce-9.0.1/zlib-1.2.11-krc7ibsc2n43zz6xqewf4nl46yzdonia/lib conftest.c -lz
[cc] cc -O3 -DNDEBUG -finline-functions -fno-strict-aliasing -c conftest_weak.c
[ccld] cc -O3 -DNDEBUG -finline-functions -fno-strict-aliasing conftest.c conftest_weak.o -o conftest -L/pfs/scratch4/yellow/.mdt2/dantopa/flag/flag-arm-capulin.spack/opt/spack/cray-cnl7-arm_thunderx2/cce-9.0.1/zlib-1.2.11-krc7ibsc2n43zz6xqewf4nl46yzdonia/lib -lz
[cc] cc -O3 -DNDEBUG -finline-functions -fno-strict-aliasing -c conftest_weak.c
[ccld] cc -O3 -DNDEBUG -finline-functions -fno-strict-aliasing conftest.c conftest_weak.o -o conftest -L/pfs/scratch4/yellow/.mdt2/dantopa/flag/flag-arm-capulin.spack/opt/spack/cray-cnl7-arm_thunderx2/cce-9.0.1/zlib-1.2.11-krc7ibsc2n43zz6xqewf4nl46yzdonia/lib -lz
[cc] cc -c -O3 -DNDEBUG -finline-functions -fno-strict-aliasing -I/pfs/scratch4/yellow/.mdt2/dantopa/flag/flag-arm-capulin.spack/opt/spack/cray-cnl7-arm_thunderx2/cce-9.0.1/zlib-1.2.11-krc7ibsc2n43zz6xqewf4nl46yzdonia/include conftest.c
[ccld] CC -qversion
[cc] CC -c -DNDEBUG -I/pfs/scratch4/yellow/.mdt2/dantopa/flag/flag-arm-capulin.spack/opt/spack/cray-cnl7-arm_thunderx2/cce-9.0.1/zlib-1.2.11-krc7ibsc2n43zz6xqewf4nl46yzdonia/include conftest.cpp
[cc] CC -c -g -I/pfs/scratch4/yellow/.mdt2/dantopa/flag/flag-arm-capulin.spack/opt/spack/cray-cnl7-arm_thunderx2/cce-9.0.1/zlib-1.2.11-krc7ibsc2n43zz6xqewf4nl46yzdonia/include conftest.cpp
[cc] CC -MT sub/conftest.o -MD -MP -MF sub/conftest.TPo -c -o sub/conftest.o sub/conftest.c
[cpp] CC -E -I/pfs/scratch4/yellow/.mdt2/dantopa/flag/flag-arm-capulin.spack/opt/spack/cray-cnl7-arm_thunderx2/cce-9.0.1/zlib-1.2.11-krc7ibsc2n43zz6xqewf4nl46yzdonia/include conftest.cpp
[cpp] CC -E -I/pfs/scratch4/yellow/.mdt2/dantopa/flag/flag-arm-capulin.spack/opt/spack/cray-cnl7-arm_thunderx2/cce-9.0.1/zlib-1.2.11-krc7ibsc2n43zz6xqewf4nl46yzdonia/include conftest.cpp
[cpp] CC -E -I/pfs/scratch4/yellow/.mdt2/dantopa/flag/flag-arm-capulin.spack/opt/spack/cray-cnl7-arm_thunderx2/cce-9.0.1/zlib-1.2.11-krc7ibsc2n43zz6xqewf4nl46yzdonia/include conftest.cpp
[cpp] CC -E -I/pfs/scratch4/yellow/.mdt2/dantopa/flag/flag-arm-capulin.spack/opt/spack/cray-cnl7-arm_thunderx2/cce-9.0.1/zlib-1.2.11-krc7ibsc2n43zz6xqewf4nl46yzdonia/include conftest.cpp
[cc] CC -c -DNDEBUG -I/pfs/scratch4/yellow/.mdt2/dantopa/flag/flag-arm-capulin.spack/opt/spack/cray-cnl7-arm_thunderx2/cce-9.0.1/zlib-1.2.11-krc7ibsc2n43zz6xqewf4nl46yzdonia/include conftest.cpp
[cc] CC -c -DNDEBUG -I/pfs/scratch4/yellow/.mdt2/dantopa/flag/flag-arm-capulin.spack/opt/spack/cray-cnl7-arm_thunderx2/cce-9.0.1/zlib-1.2.11-krc7ibsc2n43zz6xqewf4nl46yzdonia/include conftest.cpp
[cc] CC -c -DNDEBUG -I/pfs/scratch4/yellow/.mdt2/dantopa/flag/flag-arm-capulin.spack/opt/spack/cray-cnl7-arm_thunderx2/cce-9.0.1/zlib-1.2.11-krc7ibsc2n43zz6xqewf4nl46yzdonia/include conftest.cpp
[cc] CC -c -DNDEBUG -I/pfs/scratch4/yellow/.mdt2/dantopa/flag/flag-arm-capulin.spack/opt/spack/cray-cnl7-arm_thunderx2/cce-9.0.1/zlib-1.2.11-krc7ibsc2n43zz6xqewf4nl46yzdonia/include conftest.cpp
[cc] CC -c -DNDEBUG -I/pfs/scratch4/yellow/.mdt2/dantopa/flag/flag-arm-capulin.spack/opt/spack/cray-cnl7-arm_thunderx2/cce-9.0.1/zlib-1.2.11-krc7ibsc2n43zz6xqewf4nl46yzdonia/include conftest.cpp
[cc] CC -c -DNDEBUG -finline-functions -I/pfs/scratch4/yellow/.mdt2/dantopa/flag/flag-arm-capulin.spack/opt/spack/cray-cnl7-arm_thunderx2/cce-9.0.1/zlib-1.2.11-krc7ibsc2n43zz6xqewf4nl46yzdonia/include conftest.cpp
[cc] cc -c -O3 -DNDEBUG -finline-functions -fno-strict-aliasing -I/pfs/scratch4/yellow/.mdt2/dantopa/flag/flag-arm-capulin.spack/opt/spack/cray-cnl7-arm_thunderx2/cce-9.0.1/zlib-1.2.11-krc7ibsc2n43zz6xqewf4nl46yzdonia/include conftest_c.c
[ccld] CC -o conftest -DNDEBUG -finline-functions -I/pfs/scratch4/yellow/.mdt2/dantopa/flag/flag-arm-capulin.spack/opt/spack/cray-cnl7-arm_thunderx2/cce-9.0.1/zlib-1.2.11-krc7ibsc2n43zz6xqewf4nl46yzdonia/include -L/pfs/scratch4/yellow/.mdt2/dantopa/flag/flag-arm-capulin.spack/opt/spack/cray-cnl7-arm_thunderx2/cce-9.0.1/zlib-1.2.11-krc7ibsc2n43zz6xqewf4nl46yzdonia/lib conftest.cpp conftest_c.o -lz
[ccld] CC -o conftest -O3 -DNDEBUG -finline-functions -I/pfs/scratch4/yellow/.mdt2/dantopa/flag/flag-arm-capulin.spack/opt/spack/cray-cnl7-arm_thunderx2/cce-9.0.1/zlib-1.2.11-krc7ibsc2n43zz6xqewf4nl46yzdonia/include -L/pfs/scratch4/yellow/.mdt2/dantopa/flag/flag-arm-capulin.spack/opt/spack/cray-cnl7-arm_thunderx2/cce-9.0.1/zlib-1.2.11-krc7ibsc2n43zz6xqewf4nl46yzdonia/lib conftest.cpp -lz
[ccld] CC -qversion
[cpp] CC -E -I/pfs/scratch4/yellow/.mdt2/dantopa/flag/flag-arm-capulin.spack/opt/spack/cray-cnl7-arm_thunderx2/cce-9.0.1/zlib-1.2.11-krc7ibsc2n43zz6xqewf4nl46yzdonia/include conftest.cpp
[cpp] CC -E -I/pfs/scratch4/yellow/.mdt2/dantopa/flag/flag-arm-capulin.spack/opt/spack/cray-cnl7-arm_thunderx2/cce-9.0.1/zlib-1.2.11-krc7ibsc2n43zz6xqewf4nl46yzdonia/include conftest.cpp
[ccld] CC -o conftest -O3 -DNDEBUG -finline-functions -I/pfs/scratch4/yellow/.mdt2/dantopa/flag/flag-arm-capulin.spack/opt/spack/cray-cnl7-arm_thunderx2/cce-9.0.1/zlib-1.2.11-krc7ibsc2n43zz6xqewf4nl46yzdonia/include -L/pfs/scratch4/yellow/.mdt2/dantopa/flag/flag-arm-capulin.spack/opt/spack/cray-cnl7-arm_thunderx2/cce-9.0.1/zlib-1.2.11-krc7ibsc2n43zz6xqewf4nl46yzdonia/lib conftest.cpp -lz
[cc] CC -c -O3 -DNDEBUG -finline-functions -finline-functions -I/pfs/scratch4/yellow/.mdt2/dantopa/flag/flag-arm-capulin.spack/opt/spack/cray-cnl7-arm_thunderx2/cce-9.0.1/zlib-1.2.11-krc7ibsc2n43zz6xqewf4nl46yzdonia/include conftest.cpp
[cc] CC -c -O3 -DNDEBUG -finline-functions -I/pfs/scratch4/yellow/.mdt2/dantopa/flag/flag-arm-capulin.spack/opt/spack/cray-cnl7-arm_thunderx2/cce-9.0.1/zlib-1.2.11-krc7ibsc2n43zz6xqewf4nl46yzdonia/include conftest.cpp
[cc] CC -c -O3 -DNDEBUG -finline-functions -fexceptions -I/pfs/scratch4/yellow/.mdt2/dantopa/flag/flag-arm-capulin.spack/opt/spack/cray-cnl7-arm_thunderx2/cce-9.0.1/zlib-1.2.11-krc7ibsc2n43zz6xqewf4nl46yzdonia/include conftest.cpp
[cc] cc -c -O3 -DNDEBUG -finline-functions -fno-strict-aliasing -fexceptions -I/pfs/scratch4/yellow/.mdt2/dantopa/flag/flag-arm-capulin.spack/opt/spack/cray-cnl7-arm_thunderx2/cce-9.0.1/zlib-1.2.11-krc7ibsc2n43zz6xqewf4nl46yzdonia/include conftest.c
[cc] CC -O3 -DNDEBUG -finline-functions -fexceptions -c conftest1.C
[cc] CC -O3 -DNDEBUG -finline-functions -fexceptions -c conftest2.C
[cc] CC -O3 -DNDEBUG -finline-functions -fexceptions -c conftest.cc -o conftest.o
[cc] CC -O3 -DNDEBUG -finline-functions -fexceptions -c conftest.cc -o conftest.o
[cc] CC -O3 -DNDEBUG -finline-functions -fexceptions -c conftest.cc -o conftest.o
[ccld] CC -o conftest -O3 -DNDEBUG -finline-functions -fexceptions -I/pfs/scratch4/yellow/.mdt2/dantopa/flag/flag-arm-capulin.spack/opt/spack/cray-cnl7-arm_thunderx2/cce-9.0.1/zlib-1.2.11-krc7ibsc2n43zz6xqewf4nl46yzdonia/include -L/pfs/scratch4/yellow/.mdt2/dantopa/flag/flag-arm-capulin.spack/opt/spack/cray-cnl7-arm_thunderx2/cce-9.0.1/zlib-1.2.11-krc7ibsc2n43zz6xqewf4nl46yzdonia/lib -fexceptions conftest.cpp -lz
[ccld] CC -o conftest -O3 -DNDEBUG -finline-functions -fexceptions -I/pfs/scratch4/yellow/.mdt2/dantopa/flag/flag-arm-capulin.spack/opt/spack/cray-cnl7-arm_thunderx2/cce-9.0.1/zlib-1.2.11-krc7ibsc2n43zz6xqewf4nl46yzdonia/include -L/pfs/scratch4/yellow/.mdt2/dantopa/flag/flag-arm-capulin.spack/opt/spack/cray-cnl7-arm_thunderx2/cce-9.0.1/zlib-1.2.11-krc7ibsc2n43zz6xqewf4nl46yzdonia/lib -fexceptions conftest.cpp -lz
[cc] CC -c -O3 -DNDEBUG -finline-functions -fexceptions -I/pfs/scratch4/yellow/.mdt2/dantopa/flag/flag-arm-capulin.spack/opt/spack/cray-cnl7-arm_thunderx2/cce-9.0.1/zlib-1.2.11-krc7ibsc2n43zz6xqewf4nl46yzdonia/include conftest.cpp
[cc] cc -c -O3 -DNDEBUG -finline-functions -fno-strict-aliasing -fexceptions -I/pfs/scratch4/yellow/.mdt2/dantopa/flag/flag-arm-capulin.spack/opt/spack/cray-cnl7-arm_thunderx2/cce-9.0.1/zlib-1.2.11-krc7ibsc2n43zz6xqewf4nl46yzdonia/include conftest.c
[cc] cc -c -O3 -DNDEBUG -finline-functions -fno-strict-aliasing -fexceptions -I/pfs/scratch4/yellow/.mdt2/dantopa/flag/flag-arm-capulin.spack/opt/spack/cray-cnl7-arm_thunderx2/cce-9.0.1/zlib-1.2.11-krc7ibsc2n43zz6xqewf4nl46yzdonia/include conftest.c
[cc] cc -c -O3 -DNDEBUG -finline-functions -fno-strict-aliasing -fexceptions -I/pfs/scratch4/yellow/.mdt2/dantopa/flag/flag-arm-capulin.spack/opt/spack/cray-cnl7-arm_thunderx2/cce-9.0.1/zlib-1.2.11-krc7ibsc2n43zz6xqewf4nl46yzdonia/include conftest.c
[cc] CC -c -O3 -DNDEBUG -finline-functions -fexceptions -I/pfs/scratch4/yellow/.mdt2/dantopa/flag/flag-arm-capulin.spack/opt/spack/cray-cnl7-arm_thunderx2/cce-9.0.1/zlib-1.2.11-krc7ibsc2n43zz6xqewf4nl46yzdonia/include conftest.cpp
[cc] cc -c -O3 -DNDEBUG -finline-functions -fno-strict-aliasing -fexceptions -I/pfs/scratch4/yellow/.mdt2/dantopa/flag/flag-arm-capulin.spack/opt/spack/cray-cnl7-arm_thunderx2/cce-9.0.1/zlib-1.2.11-krc7ibsc2n43zz6xqewf4nl46yzdonia/include conftest.c
[cc] CC -c -O3 -DNDEBUG -finline-functions -fexceptions -I/pfs/scratch4/yellow/.mdt2/dantopa/flag/flag-arm-capulin.spack/opt/spack/cray-cnl7-arm_thunderx2/cce-9.0.1/zlib-1.2.11-krc7ibsc2n43zz6xqewf4nl46yzdonia/include conftest.cpp
[cc] cc -c -O3 -DNDEBUG -finline-functions -fno-strict-aliasing -fexceptions -I/pfs/scratch4/yellow/.mdt2/dantopa/flag/flag-arm-capulin.spack/opt/spack/cray-cnl7-arm_thunderx2/cce-9.0.1/zlib-1.2.11-krc7ibsc2n43zz6xqewf4nl46yzdonia/include conftest.c
[cc] CC -c -O3 -DNDEBUG -finline-functions -fexceptions -I/pfs/scratch4/yellow/.mdt2/dantopa/flag/flag-arm-capulin.spack/opt/spack/cray-cnl7-arm_thunderx2/cce-9.0.1/zlib-1.2.11-krc7ibsc2n43zz6xqewf4nl46yzdonia/include conftest.cpp
[cc] cc -c -O3 -DNDEBUG -finline-functions -fno-strict-aliasing -fexceptions -I/pfs/scratch4/yellow/.mdt2/dantopa/flag/flag-arm-capulin.spack/opt/spack/cray-cnl7-arm_thunderx2/cce-9.0.1/zlib-1.2.11-krc7ibsc2n43zz6xqewf4nl46yzdonia/include conftest.c
[cc] CC -c -O3 -DNDEBUG -finline-functions -fexceptions -I/pfs/scratch4/yellow/.mdt2/dantopa/flag/flag-arm-capulin.spack/opt/spack/cray-cnl7-arm_thunderx2/cce-9.0.1/zlib-1.2.11-krc7ibsc2n43zz6xqewf4nl46yzdonia/include conftest.cpp
[cc] cc -c -O3 -DNDEBUG -finline-functions -fno-strict-aliasing -fexceptions -I/pfs/scratch4/yellow/.mdt2/dantopa/flag/flag-arm-capulin.spack/opt/spack/cray-cnl7-arm_thunderx2/cce-9.0.1/zlib-1.2.11-krc7ibsc2n43zz6xqewf4nl46yzdonia/include conftest.c
[cc] CC -c -O3 -DNDEBUG -finline-functions -fexceptions -I/pfs/scratch4/yellow/.mdt2/dantopa/flag/flag-arm-capulin.spack/opt/spack/cray-cnl7-arm_thunderx2/cce-9.0.1/zlib-1.2.11-krc7ibsc2n43zz6xqewf4nl46yzdonia/include conftest.cpp
[cc] cc -c -O3 -DNDEBUG -finline-functions -fno-strict-aliasing -fexceptions -I/pfs/scratch4/yellow/.mdt2/dantopa/flag/flag-arm-capulin.spack/opt/spack/cray-cnl7-arm_thunderx2/cce-9.0.1/zlib-1.2.11-krc7ibsc2n43zz6xqewf4nl46yzdonia/include conftest.c
[cc] CC -c -O3 -DNDEBUG -finline-functions -fexceptions -I/pfs/scratch4/yellow/.mdt2/dantopa/flag/flag-arm-capulin.spack/opt/spack/cray-cnl7-arm_thunderx2/cce-9.0.1/zlib-1.2.11-krc7ibsc2n43zz6xqewf4nl46yzdonia/include conftest.cpp
[cc] cc -c -O3 -DNDEBUG -finline-functions -fno-strict-aliasing -fexceptions -I/pfs/scratch4/yellow/.mdt2/dantopa/flag/flag-arm-capulin.spack/opt/spack/cray-cnl7-arm_thunderx2/cce-9.0.1/zlib-1.2.11-krc7ibsc2n43zz6xqewf4nl46yzdonia/include conftest.c
[cc] cc -c -O3 -DNDEBUG -finline-functions -fno-strict-aliasing -fexceptions -I/pfs/scratch4/yellow/.mdt2/dantopa/flag/flag-arm-capulin.spack/opt/spack/cray-cnl7-arm_thunderx2/cce-9.0.1/zlib-1.2.11-krc7ibsc2n43zz6xqewf4nl46yzdonia/include conftest.c
[cc] CC -c -O3 -DNDEBUG -finline-functions -fexceptions -I/pfs/scratch4/yellow/.mdt2/dantopa/flag/flag-arm-capulin.spack/opt/spack/cray-cnl7-arm_thunderx2/cce-9.0.1/zlib-1.2.11-krc7ibsc2n43zz6xqewf4nl46yzdonia/include conftest.cpp
[cc] cc -c -O3 -DNDEBUG -finline-functions -fno-strict-aliasing -fexceptions -Wall -I/pfs/scratch4/yellow/.mdt2/dantopa/flag/flag-arm-capulin.spack/opt/spack/cray-cnl7-arm_thunderx2/cce-9.0.1/zlib-1.2.11-krc7ibsc2n43zz6xqewf4nl46yzdonia/include conftest.c
[cc] cc -c -O3 -DNDEBUG -finline-functions -fno-strict-aliasing -fexceptions -I/pfs/scratch4/yellow/.mdt2/dantopa/flag/flag-arm-capulin.spack/opt/spack/cray-cnl7-arm_thunderx2/cce-9.0.1/zlib-1.2.11-krc7ibsc2n43zz6xqewf4nl46yzdonia/include conftest.c
[cc] CC -c -O3 -DNDEBUG -finline-functions -fexceptions -I/pfs/scratch4/yellow/.mdt2/dantopa/flag/flag-arm-capulin.spack/opt/spack/cray-cnl7-arm_thunderx2/cce-9.0.1/zlib-1.2.11-krc7ibsc2n43zz6xqewf4nl46yzdonia/include conftest.cpp
[cc] cc -c -O3 -DNDEBUG -finline-functions -fno-strict-aliasing -fexceptions -Wall -I/pfs/scratch4/yellow/.mdt2/dantopa/flag/flag-arm-capulin.spack/opt/spack/cray-cnl7-arm_thunderx2/cce-9.0.1/zlib-1.2.11-krc7ibsc2n43zz6xqewf4nl46yzdonia/include conftest.c
[cc] cc -c -O3 -DNDEBUG -finline-functions -fno-strict-aliasing -fexceptions -I/pfs/scratch4/yellow/.mdt2/dantopa/flag/flag-arm-capulin.spack/opt/spack/cray-cnl7-arm_thunderx2/cce-9.0.1/zlib-1.2.11-krc7ibsc2n43zz6xqewf4nl46yzdonia/include conftest.c
[cc] CC -c -O3 -DNDEBUG -finline-functions -fexceptions -I/pfs/scratch4/yellow/.mdt2/dantopa/flag/flag-arm-capulin.spack/opt/spack/cray-cnl7-arm_thunderx2/cce-9.0.1/zlib-1.2.11-krc7ibsc2n43zz6xqewf4nl46yzdonia/include conftest.cpp
[cc] cc -c -O3 -DNDEBUG -finline-functions -fno-strict-aliasing -fexceptions -I/pfs/scratch4/yellow/.mdt2/dantopa/flag/flag-arm-capulin.spack/opt/spack/cray-cnl7-arm_thunderx2/cce-9.0.1/zlib-1.2.11-krc7ibsc2n43zz6xqewf4nl46yzdonia/include conftest.c
[cc] CC -c -O3 -DNDEBUG -finline-functions -fexceptions -I/pfs/scratch4/yellow/.mdt2/dantopa/flag/flag-arm-capulin.spack/opt/spack/cray-cnl7-arm_thunderx2/cce-9.0.1/zlib-1.2.11-krc7ibsc2n43zz6xqewf4nl46yzdonia/include conftest.cpp
[cc] cc -c -O3 -DNDEBUG -finline-functions -fno-strict-aliasing -fexceptions -I/pfs/scratch4/yellow/.mdt2/dantopa/flag/flag-arm-capulin.spack/opt/spack/cray-cnl7-arm_thunderx2/cce-9.0.1/zlib-1.2.11-krc7ibsc2n43zz6xqewf4nl46yzdonia/include conftest.c
[cc] CC -c -O3 -DNDEBUG -finline-functions -fexceptions -I/pfs/scratch4/yellow/.mdt2/dantopa/flag/flag-arm-capulin.spack/opt/spack/cray-cnl7-arm_thunderx2/cce-9.0.1/zlib-1.2.11-krc7ibsc2n43zz6xqewf4nl46yzdonia/include conftest.cpp
[cc] cc -c -O3 -DNDEBUG -finline-functions -fno-strict-aliasing -fexceptions -I/pfs/scratch4/yellow/.mdt2/dantopa/flag/flag-arm-capulin.spack/opt/spack/cray-cnl7-arm_thunderx2/cce-9.0.1/zlib-1.2.11-krc7ibsc2n43zz6xqewf4nl46yzdonia/include conftest.c
[cc] CC -c -O3 -DNDEBUG -finline-functions -fexceptions -I/pfs/scratch4/yellow/.mdt2/dantopa/flag/flag-arm-capulin.spack/opt/spack/cray-cnl7-arm_thunderx2/cce-9.0.1/zlib-1.2.11-krc7ibsc2n43zz6xqewf4nl46yzdonia/include conftest.cpp
[cc] cc -c -O3 -DNDEBUG -finline-functions -fno-strict-aliasing -fexceptions -I/pfs/scratch4/yellow/.mdt2/dantopa/flag/flag-arm-capulin.spack/opt/spack/cray-cnl7-arm_thunderx2/cce-9.0.1/zlib-1.2.11-krc7ibsc2n43zz6xqewf4nl46yzdonia/include conftest.c
[cc] CC -c -O3 -DNDEBUG -finline-functions -fexceptions -I/pfs/scratch4/yellow/.mdt2/dantopa/flag/flag-arm-capulin.spack/opt/spack/cray-cnl7-arm_thunderx2/cce-9.0.1/zlib-1.2.11-krc7ibsc2n43zz6xqewf4nl46yzdonia/include conftest.cpp
[cc] cc -c -O3 -DNDEBUG -finline-functions -fno-strict-aliasing -fexceptions -I/pfs/scratch4/yellow/.mdt2/dantopa/flag/flag-arm-capulin.spack/opt/spack/cray-cnl7-arm_thunderx2/cce-9.0.1/zlib-1.2.11-krc7ibsc2n43zz6xqewf4nl46yzdonia/include conftest.c
[cc] CC -c -O3 -DNDEBUG -finline-functions -fexceptions -I/pfs/scratch4/yellow/.mdt2/dantopa/flag/flag-arm-capulin.spack/opt/spack/cray-cnl7-arm_thunderx2/cce-9.0.1/zlib-1.2.11-krc7ibsc2n43zz6xqewf4nl46yzdonia/include conftest.cpp
[cc] cc -c -O3 -DNDEBUG -finline-functions -fno-strict-aliasing -fexceptions -Wall -I/pfs/scratch4/yellow/.mdt2/dantopa/flag/flag-arm-capulin.spack/opt/spack/cray-cnl7-arm_thunderx2/cce-9.0.1/zlib-1.2.11-krc7ibsc2n43zz6xqewf4nl46yzdonia/include conftest.c
[cc] cc -c -O3 -DNDEBUG -finline-functions -fno-strict-aliasing -fexceptions -I/pfs/scratch4/yellow/.mdt2/dantopa/flag/flag-arm-capulin.spack/opt/spack/cray-cnl7-arm_thunderx2/cce-9.0.1/zlib-1.2.11-krc7ibsc2n43zz6xqewf4nl46yzdonia/include conftest.c
[cc] CC -c -O3 -DNDEBUG -finline-functions -fexceptions -I/pfs/scratch4/yellow/.mdt2/dantopa/flag/flag-arm-capulin.spack/opt/spack/cray-cnl7-arm_thunderx2/cce-9.0.1/zlib-1.2.11-krc7ibsc2n43zz6xqewf4nl46yzdonia/include conftest.cpp
[cc] cc -c -O3 -DNDEBUG -finline-functions -fno-strict-aliasing -fexceptions -I/pfs/scratch4/yellow/.mdt2/dantopa/flag/flag-arm-capulin.spack/opt/spack/cray-cnl7-arm_thunderx2/cce-9.0.1/zlib-1.2.11-krc7ibsc2n43zz6xqewf4nl46yzdonia/include conftest.c
[cc] CC -c -O3 -DNDEBUG -finline-functions -fexceptions -I/pfs/scratch4/yellow/.mdt2/dantopa/flag/flag-arm-capulin.spack/opt/spack/cray-cnl7-arm_thunderx2/cce-9.0.1/zlib-1.2.11-krc7ibsc2n43zz6xqewf4nl46yzdonia/include conftest.cpp
[cc] cc -c -O3 -DNDEBUG -finline-functions -fno-strict-aliasing -fexceptions -I/pfs/scratch4/yellow/.mdt2/dantopa/flag/flag-arm-capulin.spack/opt/spack/cray-cnl7-arm_thunderx2/cce-9.0.1/zlib-1.2.11-krc7ibsc2n43zz6xqewf4nl46yzdonia/include conftest.c
[cc] CC -c -O3 -DNDEBUG -finline-functions -fexceptions -I/pfs/scratch4/yellow/.mdt2/dantopa/flag/flag-arm-capulin.spack/opt/spack/cray-cnl7-arm_thunderx2/cce-9.0.1/zlib-1.2.11-krc7ibsc2n43zz6xqewf4nl46yzdonia/include conftest.cpp
[cc] cc -c -O3 -DNDEBUG -finline-functions -fno-strict-aliasing -fexceptions -I/pfs/scratch4/yellow/.mdt2/dantopa/flag/flag-arm-capulin.spack/opt/spack/cray-cnl7-arm_thunderx2/cce-9.0.1/zlib-1.2.11-krc7ibsc2n43zz6xqewf4nl46yzdonia/include conftest.c
[cc] CC -c -O3 -DNDEBUG -finline-functions -fexceptions -I/pfs/scratch4/yellow/.mdt2/dantopa/flag/flag-arm-capulin.spack/opt/spack/cray-cnl7-arm_thunderx2/cce-9.0.1/zlib-1.2.11-krc7ibsc2n43zz6xqewf4nl46yzdonia/include conftest.cpp
[cc] cc -c -O3 -DNDEBUG -finline-functions -fno-strict-aliasing -fexceptions -I/pfs/scratch4/yellow/.mdt2/dantopa/flag/flag-arm-capulin.spack/opt/spack/cray-cnl7-arm_thunderx2/cce-9.0.1/zlib-1.2.11-krc7ibsc2n43zz6xqewf4nl46yzdonia/include conftest.c
[cc] CC -c -O3 -DNDEBUG -finline-functions -fexceptions -I/pfs/scratch4/yellow/.mdt2/dantopa/flag/flag-arm-capulin.spack/opt/spack/cray-cnl7-arm_thunderx2/cce-9.0.1/zlib-1.2.11-krc7ibsc2n43zz6xqewf4nl46yzdonia/include conftest.cpp
[cc] cc -c -O3 -DNDEBUG -finline-functions -fno-strict-aliasing -fexceptions -Wall -I/pfs/scratch4/yellow/.mdt2/dantopa/flag/flag-arm-capulin.spack/opt/spack/cray-cnl7-arm_thunderx2/cce-9.0.1/zlib-1.2.11-krc7ibsc2n43zz6xqewf4nl46yzdonia/include conftest.c
[cc] cc -c -O3 -DNDEBUG -finline-functions -fno-strict-aliasing -fexceptions -I/pfs/scratch4/yellow/.mdt2/dantopa/flag/flag-arm-capulin.spack/opt/spack/cray-cnl7-arm_thunderx2/cce-9.0.1/zlib-1.2.11-krc7ibsc2n43zz6xqewf4nl46yzdonia/include conftest.c
[cc] CC -c -O3 -DNDEBUG -finline-functions -fexceptions -I/pfs/scratch4/yellow/.mdt2/dantopa/flag/flag-arm-capulin.spack/opt/spack/cray-cnl7-arm_thunderx2/cce-9.0.1/zlib-1.2.11-krc7ibsc2n43zz6xqewf4nl46yzdonia/include conftest.cpp
[cc] cc -c -O3 -DNDEBUG -finline-functions -fno-strict-aliasing -fexceptions -I/pfs/scratch4/yellow/.mdt2/dantopa/flag/flag-arm-capulin.spack/opt/spack/cray-cnl7-arm_thunderx2/cce-9.0.1/zlib-1.2.11-krc7ibsc2n43zz6xqewf4nl46yzdonia/include conftest.c
[cc] CC -c -O3 -DNDEBUG -finline-functions -fexceptions -I/pfs/scratch4/yellow/.mdt2/dantopa/flag/flag-arm-capulin.spack/opt/spack/cray-cnl7-arm_thunderx2/cce-9.0.1/zlib-1.2.11-krc7ibsc2n43zz6xqewf4nl46yzdonia/include conftest.cpp
[cc] cc -c -O3 -DNDEBUG -finline-functions -fno-strict-aliasing -fexceptions -I/pfs/scratch4/yellow/.mdt2/dantopa/flag/flag-arm-capulin.spack/opt/spack/cray-cnl7-arm_thunderx2/cce-9.0.1/zlib-1.2.11-krc7ibsc2n43zz6xqewf4nl46yzdonia/include conftest.c
[cc] CC -c -O3 -DNDEBUG -finline-functions -fexceptions -I/pfs/scratch4/yellow/.mdt2/dantopa/flag/flag-arm-capulin.spack/opt/spack/cray-cnl7-arm_thunderx2/cce-9.0.1/zlib-1.2.11-krc7ibsc2n43zz6xqewf4nl46yzdonia/include conftest.cpp
[cc] cc -c -O3 -DNDEBUG -finline-functions -fno-strict-aliasing -fexceptions -Wall -I/pfs/scratch4/yellow/.mdt2/dantopa/flag/flag-arm-capulin.spack/opt/spack/cray-cnl7-arm_thunderx2/cce-9.0.1/zlib-1.2.11-krc7ibsc2n43zz6xqewf4nl46yzdonia/include conftest.c
[cc] cc -c -O3 -DNDEBUG -finline-functions -fno-strict-aliasing -fexceptions -I/pfs/scratch4/yellow/.mdt2/dantopa/flag/flag-arm-capulin.spack/opt/spack/cray-cnl7-arm_thunderx2/cce-9.0.1/zlib-1.2.11-krc7ibsc2n43zz6xqewf4nl46yzdonia/include conftest.c
[cc] CC -c -O3 -DNDEBUG -finline-functions -fexceptions -I/pfs/scratch4/yellow/.mdt2/dantopa/flag/flag-arm-capulin.spack/opt/spack/cray-cnl7-arm_thunderx2/cce-9.0.1/zlib-1.2.11-krc7ibsc2n43zz6xqewf4nl46yzdonia/include conftest.cpp
[cc] cc -c -O3 -DNDEBUG -finline-functions -fno-strict-aliasing -fexceptions -I/pfs/scratch4/yellow/.mdt2/dantopa/flag/flag-arm-capulin.spack/opt/spack/cray-cnl7-arm_thunderx2/cce-9.0.1/zlib-1.2.11-krc7ibsc2n43zz6xqewf4nl46yzdonia/include conftest.c
[cc] CC -c -O3 -DNDEBUG -finline-functions -fexceptions -I/pfs/scratch4/yellow/.mdt2/dantopa/flag/flag-arm-capulin.spack/opt/spack/cray-cnl7-arm_thunderx2/cce-9.0.1/zlib-1.2.11-krc7ibsc2n43zz6xqewf4nl46yzdonia/include conftest.cpp
[cc] cc -c -O3 -DNDEBUG -finline-functions -fno-strict-aliasing -fexceptions -I/pfs/scratch4/yellow/.mdt2/dantopa/flag/flag-arm-capulin.spack/opt/spack/cray-cnl7-arm_thunderx2/cce-9.0.1/zlib-1.2.11-krc7ibsc2n43zz6xqewf4nl46yzdonia/include conftest.c
[cc] CC -c -O3 -DNDEBUG -finline-functions -fexceptions -I/pfs/scratch4/yellow/.mdt2/dantopa/flag/flag-arm-capulin.spack/opt/spack/cray-cnl7-arm_thunderx2/cce-9.0.1/zlib-1.2.11-krc7ibsc2n43zz6xqewf4nl46yzdonia/include conftest.cpp
[cc] cc -c -O3 -DNDEBUG -finline-functions -fno-strict-aliasing -fexceptions -I/pfs/scratch4/yellow/.mdt2/dantopa/flag/flag-arm-capulin.spack/opt/spack/cray-cnl7-arm_thunderx2/cce-9.0.1/zlib-1.2.11-krc7ibsc2n43zz6xqewf4nl46yzdonia/include conftest.c
[cc] CC -c -O3 -DNDEBUG -finline-functions -fexceptions -I/pfs/scratch4/yellow/.mdt2/dantopa/flag/flag-arm-capulin.spack/opt/spack/cray-cnl7-arm_thunderx2/cce-9.0.1/zlib-1.2.11-krc7ibsc2n43zz6xqewf4nl46yzdonia/include conftest.cpp
[ccld] cc -o conftest -O3 -DNDEBUG -finline-functions -fno-strict-aliasing -fexceptions -I/pfs/scratch4/yellow/.mdt2/dantopa/flag/flag-arm-capulin.spack/var/spack/stage/openmpi-4.0.1-raqxkucpjgqncoszcjqjzvtmqidamatp/spack-src/opal/include/opal -I/pfs/scratch4/yellow/.mdt2/dantopa/flag/flag-arm-capulin.spack/opt/spack/cray-cnl7-arm_thunderx2/cce-9.0.1/zlib-1.2.11-krc7ibsc2n43zz6xqewf4nl46yzdonia/include -L/pfs/scratch4/yellow/.mdt2/dantopa/flag/flag-arm-capulin.spack/opt/spack/cray-cnl7-arm_thunderx2/cce-9.0.1/zlib-1.2.11-krc7ibsc2n43zz6xqewf4nl46yzdonia/lib -fexceptions conftest.c -lz
[ccld] cc -o conftest -O3 -DNDEBUG -finline-functions -fno-strict-aliasing -fexceptions -I/pfs/scratch4/yellow/.mdt2/dantopa/flag/flag-arm-capulin.spack/var/spack/stage/openmpi-4.0.1-raqxkucpjgqncoszcjqjzvtmqidamatp/spack-src/opal/include/opal -I/pfs/scratch4/yellow/.mdt2/dantopa/flag/flag-arm-capulin.spack/opt/spack/cray-cnl7-arm_thunderx2/cce-9.0.1/zlib-1.2.11-krc7ibsc2n43zz6xqewf4nl46yzdonia/include -L/pfs/scratch4/yellow/.mdt2/dantopa/flag/flag-arm-capulin.spack/opt/spack/cray-cnl7-arm_thunderx2/cce-9.0.1/zlib-1.2.11-krc7ibsc2n43zz6xqewf4nl46yzdonia/lib -fexceptions conftest.c -lz
[ccld] cc -o conftest -O3 -DNDEBUG -finline-functions -fno-strict-aliasing -fexceptions -I/pfs/scratch4/yellow/.mdt2/dantopa/flag/flag-arm-capulin.spack/var/spack/stage/openmpi-4.0.1-raqxkucpjgqncoszcjqjzvtmqidamatp/spack-src/opal/include/opal -I/pfs/scratch4/yellow/.mdt2/dantopa/flag/flag-arm-capulin.spack/opt/spack/cray-cnl7-arm_thunderx2/cce-9.0.1/zlib-1.2.11-krc7ibsc2n43zz6xqewf4nl46yzdonia/include -L/pfs/scratch4/yellow/.mdt2/dantopa/flag/flag-arm-capulin.spack/opt/spack/cray-cnl7-arm_thunderx2/cce-9.0.1/zlib-1.2.11-krc7ibsc2n43zz6xqewf4nl46yzdonia/lib -fexceptions conftest.c -lz
[ccld] cc -o conftest -O3 -DNDEBUG -finline-functions -fno-strict-aliasing -fexceptions -I/pfs/scratch4/yellow/.mdt2/dantopa/flag/flag-arm-capulin.spack/var/spack/stage/openmpi-4.0.1-raqxkucpjgqncoszcjqjzvtmqidamatp/spack-src/opal/include/opal -I/pfs/scratch4/yellow/.mdt2/dantopa/flag/flag-arm-capulin.spack/opt/spack/cray-cnl7-arm_thunderx2/cce-9.0.1/zlib-1.2.11-krc7ibsc2n43zz6xqewf4nl46yzdonia/include -L/pfs/scratch4/yellow/.mdt2/dantopa/flag/flag-arm-capulin.spack/opt/spack/cray-cnl7-arm_thunderx2/cce-9.0.1/zlib-1.2.11-krc7ibsc2n43zz6xqewf4nl46yzdonia/lib -fexceptions conftest.c -lz
[cc] cc -MT sub/conftest.o -MD -MP -MF sub/conftest.TPo -c -o sub/conftest.o sub/conftest.c
[cc] cc -c -O3 -DNDEBUG -finline-functions -fno-strict-aliasing -fexceptions -I/pfs/scratch4/yellow/.mdt2/dantopa/flag/flag-arm-capulin.spack/opt/spack/cray-cnl7-arm_thunderx2/cce-9.0.1/zlib-1.2.11-krc7ibsc2n43zz6xqewf4nl46yzdonia/include conftest.c
[ccld] cc -o conftest -O3 -DNDEBUG -finline-functions -fno-strict-aliasing -fexceptions -I/pfs/scratch4/yellow/.mdt2/dantopa/flag/flag-arm-capulin.spack/opt/spack/cray-cnl7-arm_thunderx2/cce-9.0.1/zlib-1.2.11-krc7ibsc2n43zz6xqewf4nl46yzdonia/include -L/pfs/scratch4/yellow/.mdt2/dantopa/flag/flag-arm-capulin.spack/opt/spack/cray-cnl7-arm_thunderx2/cce-9.0.1/zlib-1.2.11-krc7ibsc2n43zz6xqewf4nl46yzdonia/lib -fexceptions conftest.c -lz
[ccld] cc -o conftest -O3 -DNDEBUG -finline-functions -fno-strict-aliasing -fexceptions -I/pfs/scratch4/yellow/.mdt2/dantopa/flag/flag-arm-capulin.spack/opt/spack/cray-cnl7-arm_thunderx2/cce-9.0.1/zlib-1.2.11-krc7ibsc2n43zz6xqewf4nl46yzdonia/include -L/pfs/scratch4/yellow/.mdt2/dantopa/flag/flag-arm-capulin.spack/opt/spack/cray-cnl7-arm_thunderx2/cce-9.0.1/zlib-1.2.11-krc7ibsc2n43zz6xqewf4nl46yzdonia/lib -fexceptions conftest.c -lz
[ccld] cc -o conftest -O3 -DNDEBUG -finline-functions -fno-strict-aliasing -fexceptions -I/pfs/scratch4/yellow/.mdt2/dantopa/flag/flag-arm-capulin.spack/opt/spack/cray-cnl7-arm_thunderx2/cce-9.0.1/zlib-1.2.11-krc7ibsc2n43zz6xqewf4nl46yzdonia/include -L/pfs/scratch4/yellow/.mdt2/dantopa/flag/flag-arm-capulin.spack/opt/spack/cray-cnl7-arm_thunderx2/cce-9.0.1/zlib-1.2.11-krc7ibsc2n43zz6xqewf4nl46yzdonia/lib -fexceptions conftest.c -lz
[ccld] cc -o conftest -O3 -DNDEBUG -finline-functions -fno-strict-aliasing -fexceptions -I/pfs/scratch4/yellow/.mdt2/dantopa/flag/flag-arm-capulin.spack/opt/spack/cray-cnl7-arm_thunderx2/cce-9.0.1/zlib-1.2.11-krc7ibsc2n43zz6xqewf4nl46yzdonia/include -L/pfs/scratch4/yellow/.mdt2/dantopa/flag/flag-arm-capulin.spack/opt/spack/cray-cnl7-arm_thunderx2/cce-9.0.1/zlib-1.2.11-krc7ibsc2n43zz6xqewf4nl46yzdonia/lib -fexceptions conftest.c -lz
[cc] cc -O3 -DNDEBUG -finline-functions -fno-strict-aliasing -fexceptions -c conftest.s
[cc] cc -O3 -DNDEBUG -finline-functions -fno-strict-aliasing -fexceptions -c conftest.c -o conftest.o
[cc] cc -O3 -DNDEBUG -finline-functions -fno-strict-aliasing -fexceptions -c conftest.s
[cc] cc -O3 -DNDEBUG -finline-functions -fno-strict-aliasing -fexceptions -I. conftest_c.c -c
[ccld] cc -O3 -DNDEBUG -finline-functions -fno-strict-aliasing -fexceptions conftest_c.o conftest.o -o conftest -L/pfs/scratch4/yellow/.mdt2/dantopa/flag/flag-arm-capulin.spack/opt/spack/cray-cnl7-arm_thunderx2/cce-9.0.1/zlib-1.2.11-krc7ibsc2n43zz6xqewf4nl46yzdonia/lib -fexceptions -lz
[cc] cc -O3 -DNDEBUG -finline-functions -fno-strict-aliasing -fexceptions -c conftest.s
[cc] cc -O3 -DNDEBUG -finline-functions -fno-strict-aliasing -fexceptions -I. conftest_c.c -c
[ccld] cc -O3 -DNDEBUG -finline-functions -fno-strict-aliasing -fexceptions conftest_c.o conftest.o -o conftest -L/pfs/scratch4/yellow/.mdt2/dantopa/flag/flag-arm-capulin.spack/opt/spack/cray-cnl7-arm_thunderx2/cce-9.0.1/zlib-1.2.11-krc7ibsc2n43zz6xqewf4nl46yzdonia/lib -fexceptions -lz
[cc] cc -O3 -DNDEBUG -finline-functions -fno-strict-aliasing -fexceptions -c conftest.s
[cc] cc -O3 -DNDEBUG -finline-functions -fno-strict-aliasing -fexceptions -c conftest.s
[cc] cc -O3 -DNDEBUG -finline-functions -fno-strict-aliasing -fexceptions -c conftest.s
[cc] cc -O3 -DNDEBUG -finline-functions -fno-strict-aliasing -fexceptions -c conftest.s
[cc] cc -O3 -DNDEBUG -finline-functions -fno-strict-aliasing -fexceptions -c conftest.s
[ccld] ftn -qversion
[cc] ftn -c conftest.F
[cc] ftn -c -g conftest.f
[ccld] ftn -o conftest -L/pfs/scratch4/yellow/.mdt2/dantopa/flag/flag-arm-capulin.spack/opt/spack/cray-cnl7-arm_thunderx2/cce-9.0.1/zlib-1.2.11-krc7ibsc2n43zz6xqewf4nl46yzdonia/lib -fexceptions conftest.f -lz
